This file contains any messages produced by compilers while
running configure, to aid debugging if configure makes a mistake.

It was created by bayes_opt-genom configure 0.9, which was
generated by GNU Autoconf 2.71.  Invocation command line was

  $ ./configure --disable-option-checking --prefix=/home/lichenjiang/openrobots --cache-file=/dev/null --srcdir=. PKG_CONFIG_PATH=/home/lichenjiang/src/bayes_opt-genom3/build/./pocolibs/client/c:/home/lichenjiang/src/bayes_opt-genom3/build/./pocolibs/server:/home/lichenjiang/src/bayes_opt-genom3/build:/home/lichenjiang/openrobots/share/pkgconfig:/home/lichenjiang/openrobots/lib/pkgconfig:/usr/share/pkgconfig:/usr/lib/pkgconfig

## --------- ##
## Platform. ##
## --------- ##

hostname = lichenjiang-Laptop
uname -m = x86_64
uname -r = 6.8.0-124-generic
uname -s = Linux
uname -v = #124~22.04.1-Ubuntu SMP PREEMPT_DYNAMIC Tue May 26 21:05:19 UTC 

/usr/bin/uname -p = x86_64
/bin/uname -X     = unknown

/bin/arch              = x86_64
/usr/bin/arch -k       = unknown
/usr/convex/getsysinfo = unknown
/usr/bin/hostinfo      = unknown
/bin/machine           = unknown
/usr/bin/oslevel       = unknown
/bin/universe          = unknown

PATH: /opt/ros/humble/bin/
PATH: /home/lichenjiang/.local/bin/
PATH: /home/lichenjiang/openrobots/bin/
PATH: /home/lichenjiang/openrobots/sbin/
PATH: /usr/local/bin/
PATH: /usr/local/sbin/
PATH: /usr/bin/
PATH: /usr/sbin/
PATH: /home/lichenjiang/.local/bin/
PATH: /usr/local/sbin/
PATH: /usr/local/bin/
PATH: /usr/sbin/
PATH: /usr/bin/
PATH: /sbin/
PATH: /bin/
PATH: /usr/games/
PATH: /usr/local/games/
PATH: /snap/bin/
PATH: /snap/bin/
PATH: /home/lichenjiang/openrobots/bin/
PATH: /home/lichenjiang/openrobots/sbin/
PATH: ./


## ----------- ##
## Core tests. ##
## ----------- ##

configure:2401: looking for aux files: compile config.guess config.sub ltmain.sh missing install-sh
configure:2414:  trying ./autoconf/
configure:2443:   ./autoconf/compile found
configure:2443:   ./autoconf/config.guess found
configure:2443:   ./autoconf/config.sub found
configure:2443:   ./autoconf/ltmain.sh found
configure:2443:   ./autoconf/missing found
configure:2425:   ./autoconf/install-sh found
configure:2577: checking for a BSD-compatible install
configure:2650: result: /usr/bin/install -c
configure:2661: checking whether build environment is sane
configure:2716: result: yes
configure:2875: checking for a race-free mkdir -p
configure:2919: result: /usr/bin/mkdir -p
configure:2926: checking for gawk
configure:2961: result: no
configure:2926: checking for mawk
configure:2947: found /usr/bin/mawk
configure:2958: result: mawk
configure:2969: checking whether make sets $(MAKE)
configure:2992: result: yes
configure:3022: checking whether make supports nested variables
configure:3040: result: yes
configure:3205: checking build system type
configure:3220: result: x86_64-pc-linux-gnu
configure:3240: checking host system type
configure:3254: result: x86_64-pc-linux-gnu
configure:3295: checking how to print strings
configure:3322: result: printf
configure:3356: checking whether make supports the include directive
configure:3371: make -f confmf.GNU && cat confinc.out
this is the am__doit target
configure:3374: $? = 0
configure:3393: result: yes (GNU style)
configure:3469: checking for gcc
configure:3490: found /usr/bin/gcc
configure:3501: result: gcc
configure:3854: checking for C compiler version
configure:3863: gcc --version >&5
gcc (Ubuntu 11.4.0-1ubuntu1~22.04.3) 11.4.0
Copyright (C) 2021 Free Software Foundation, Inc.
This is free software; see the source for copying conditions.  There is NO
warranty; not even for MERCHANTABILITY or FITNESS FOR A PARTICULAR PURPOSE.

configure:3874: $? = 0
configure:3863: gcc -v >&5
Using built-in specs.
COLLECT_GCC=gcc
COLLECT_LTO_WRAPPER=/usr/lib/gcc/x86_64-linux-gnu/11/lto-wrapper
OFFLOAD_TARGET_NAMES=nvptx-none:amdgcn-amdhsa
OFFLOAD_TARGET_DEFAULT=1
Target: x86_64-linux-gnu
Configured with: ../src/configure -v --with-pkgversion='Ubuntu 11.4.0-1ubuntu1~22.04.3' --with-bugurl=file:///usr/share/doc/gcc-11/README.Bugs --enable-languages=c,ada,c++,go,brig,d,fortran,objc,obj-c++,m2 --prefix=/usr --with-gcc-major-version-only --program-suffix=-11 --program-prefix=x86_64-linux-gnu- --enable-shared --enable-linker-build-id --libexecdir=/usr/lib --without-included-gettext --enable-threads=posix --libdir=/usr/lib --enable-nls --enable-bootstrap --enable-clocale=gnu --enable-libstdcxx-debug --enable-libstdcxx-time=yes --with-default-libstdcxx-abi=new --enable-gnu-unique-object --disable-vtable-verify --enable-plugin --enable-default-pie --with-system-zlib --enable-libphobos-checking=release --with-target-system-zlib=auto --enable-objc-gc=auto --enable-multiarch --disable-werror --enable-cet --with-arch-32=i686 --with-abi=m64 --with-multilib-list=m32,m64,mx32 --enable-multilib --with-tune=generic --enable-offload-targets=nvptx-none=/build/gcc-11-0odw26/gcc-11-11.4.0/debian/tmp-nvptx/usr,amdgcn-amdhsa=/build/gcc-11-0odw26/gcc-11-11.4.0/debian/tmp-gcn/usr --without-cuda-driver --enable-checking=release --build=x86_64-linux-gnu --host=x86_64-linux-gnu --target=x86_64-linux-gnu --with-build-config=bootstrap-lto-lean --enable-link-serialization=2
Thread model: posix
Supported LTO compression algorithms: zlib zstd
gcc version 11.4.0 (Ubuntu 11.4.0-1ubuntu1~22.04.3) 
... rest of stderr output deleted ...
configure:3874: $? = 0
configure:3863: gcc -V >&5
gcc: error: unrecognized command-line option '-V'
gcc: fatal error: no input files
compilation terminated.
configure:3874: $? = 1
configure:3863: gcc -qversion >&5
gcc: error: unrecognized command-line option '-qversion'; did you mean '--version'?
gcc: fatal error: no input files
compilation terminated.
configure:3874: $? = 1
configure:3863: gcc -version >&5
gcc: error: unrecognized command-line option '-version'
gcc: fatal error: no input files
compilation terminated.
configure:3874: $? = 1
configure:3894: checking whether the C compiler works
configure:3916: gcc    conftest.c  >&5
configure:3920: $? = 0
configure:3970: result: yes
configure:3973: checking for C compiler default output file name
configure:3975: result: a.out
configure:3981: checking for suffix of executables
configure:3988: gcc -o conftest    conftest.c  >&5
configure:3992: $? = 0
configure:4015: result: 
configure:4037: checking whether we are cross compiling
configure:4045: gcc -o conftest    conftest.c  >&5
configure:4049: $? = 0
configure:4056: ./conftest
configure:4060: $? = 0
configure:4075: result: no
configure:4080: checking for suffix of object files
configure:4103: gcc -c   conftest.c >&5
configure:4107: $? = 0
configure:4129: result: o
configure:4133: checking whether the compiler supports GNU C
configure:4153: gcc -c   conftest.c >&5
configure:4153: $? = 0
configure:4163: result: yes
configure:4174: checking whether gcc accepts -g
configure:4195: gcc -c -g  conftest.c >&5
configure:4195: $? = 0
configure:4239: result: yes
configure:4259: checking for gcc option to enable C11 features
configure:4274: gcc  -c -g -O2  conftest.c >&5
configure:4274: $? = 0
configure:4292: result: none needed
configure:4408: checking whether gcc understands -c and -o together
configure:4431: gcc -c conftest.c -o conftest2.o
configure:4434: $? = 0
configure:4431: gcc -c conftest.c -o conftest2.o
configure:4434: $? = 0
configure:4446: result: yes
configure:4465: checking dependency style of gcc
configure:4577: result: gcc3
configure:4592: checking for a sed that does not truncate output
configure:4662: result: /usr/bin/sed
configure:4680: checking for grep that handles long lines and -e
configure:4744: result: /usr/bin/grep
configure:4749: checking for egrep
configure:4817: result: /usr/bin/grep -E
configure:4822: checking for fgrep
configure:4890: result: /usr/bin/grep -F
configure:4926: checking for ld used by gcc
configure:4994: result: /usr/bin/ld
configure:5001: checking if the linker (/usr/bin/ld) is GNU ld
configure:5017: result: yes
configure:5029: checking for BSD- or MS-compatible name lister (nm)
configure:5084: result: /usr/bin/nm -B
configure:5224: checking the name lister (/usr/bin/nm -B) interface
configure:5232: gcc -c -g -O2  conftest.c >&5
configure:5235: /usr/bin/nm -B "conftest.o"
configure:5238: output
0000000000000000 B some_variable
configure:5245: result: BSD nm
configure:5248: checking whether ln -s works
configure:5252: result: yes
configure:5260: checking the maximum length of command line arguments
configure:5392: result: 1572864
configure:5440: checking how to convert x86_64-pc-linux-gnu file names to x86_64-pc-linux-gnu format
configure:5481: result: func_convert_file_noop
configure:5488: checking how to convert x86_64-pc-linux-gnu file names to toolchain format
configure:5509: result: func_convert_file_noop
configure:5516: checking for /usr/bin/ld option to reload object files
configure:5524: result: -r
configure:5603: checking for objdump
configure:5624: found /usr/bin/objdump
configure:5635: result: objdump
configure:5667: checking how to recognize dependent libraries
configure:5868: result: pass_all
configure:5958: checking for dlltool
configure:5993: result: no
configure:6023: checking how to associate runtime and link libraries
configure:6051: result: printf %s\n
configure:6117: checking for ar
configure:6138: found /usr/bin/ar
configure:6149: result: ar
configure:6186: checking for archiver @FILE support
configure:6204: gcc -c -g -O2  conftest.c >&5
configure:6204: $? = 0
configure:6208: ar cr libconftest.a @conftest.lst >&5
configure:6211: $? = 0
configure:6216: ar cr libconftest.a @conftest.lst >&5
ar: conftest.o: No such file or directory
configure:6219: $? = 1
configure:6231: result: @
configure:6294: checking for strip
configure:6315: found /usr/bin/strip
configure:6326: result: strip
configure:6403: checking for ranlib
configure:6424: found /usr/bin/ranlib
configure:6435: result: ranlib
configure:6537: checking command to parse /usr/bin/nm -B output from gcc object
configure:6691: gcc -c -g -O2  conftest.c >&5
configure:6694: $? = 0
configure:6698: /usr/bin/nm -B conftest.o | sed -n -e 's/^.*[	 ]\([ABCDGIRSTW][ABCDGIRSTW]*\)[	 ][	 ]*\([_A-Za-z][_A-Za-z0-9]*\)$/\1 \2 \2/p' | sed '/ __gnu_lto/d' > conftest.nm
configure:6764: gcc -o conftest -g -O2   conftest.c conftstm.o >&5
configure:6767: $? = 0
configure:6805: result: ok
configure:6852: checking for sysroot
configure:6883: result: no
configure:6890: checking for a working dd
configure:6934: result: /usr/bin/dd
configure:6938: checking how to truncate binary pipes
configure:6954: result: /usr/bin/dd bs=4096 count=1
configure:7091: gcc -c -g -O2  conftest.c >&5
configure:7094: $? = 0
configure:7291: checking for mt
configure:7312: found /usr/bin/mt
configure:7323: result: mt
configure:7346: checking if mt is a manifest tool
configure:7353: mt '-?'
configure:7361: result: no
configure:8091: checking for stdio.h
configure:8091: gcc -c -g -O2  conftest.c >&5
configure:8091: $? = 0
configure:8091: result: yes
configure:8091: checking for stdlib.h
configure:8091: gcc -c -g -O2  conftest.c >&5
configure:8091: $? = 0
configure:8091: result: yes
configure:8091: checking for string.h
configure:8091: gcc -c -g -O2  conftest.c >&5
configure:8091: $? = 0
configure:8091: result: yes
configure:8091: checking for inttypes.h
configure:8091: gcc -c -g -O2  conftest.c >&5
configure:8091: $? = 0
configure:8091: result: yes
configure:8091: checking for stdint.h
configure:8091: gcc -c -g -O2  conftest.c >&5
configure:8091: $? = 0
configure:8091: result: yes
configure:8091: checking for strings.h
configure:8091: gcc -c -g -O2  conftest.c >&5
configure:8091: $? = 0
configure:8091: result: yes
configure:8091: checking for sys/stat.h
configure:8091: gcc -c -g -O2  conftest.c >&5
configure:8091: $? = 0
configure:8091: result: yes
configure:8091: checking for sys/types.h
configure:8091: gcc -c -g -O2  conftest.c >&5
configure:8091: $? = 0
configure:8091: result: yes
configure:8091: checking for unistd.h
configure:8091: gcc -c -g -O2  conftest.c >&5
configure:8091: $? = 0
configure:8091: result: yes
configure:8116: checking for dlfcn.h
configure:8116: gcc -c -g -O2  conftest.c >&5
configure:8116: $? = 0
configure:8116: result: yes
configure:8374: checking for objdir
configure:8390: result: .libs
configure:8654: checking if gcc supports -fno-rtti -fno-exceptions
configure:8673: gcc -c -g -O2  -fno-rtti -fno-exceptions conftest.c >&5
cc1: warning: command-line option '-fno-rtti' is valid for C++/D/ObjC++ but not for C
configure:8677: $? = 0
configure:8690: result: no
configure:9054: checking for gcc option to produce PIC
configure:9062: result: -fPIC -DPIC
configure:9070: checking if gcc PIC flag -fPIC -DPIC works
configure:9089: gcc -c -g -O2  -fPIC -DPIC -DPIC conftest.c >&5
configure:9093: $? = 0
configure:9106: result: yes
configure:9135: checking if gcc static flag -static works
configure:9164: result: yes
configure:9179: checking if gcc supports -c -o file.o
configure:9201: gcc -c -g -O2  -o out/conftest2.o conftest.c >&5
configure:9205: $? = 0
configure:9227: result: yes
configure:9235: checking if gcc supports -c -o file.o
configure:9283: result: yes
configure:9316: checking whether the gcc linker (/usr/bin/ld -m elf_x86_64) supports shared libraries
configure:10586: result: yes
configure:10623: checking whether -lc should be explicitly linked in
configure:10632: gcc -c -g -O2  conftest.c >&5
configure:10635: $? = 0
configure:10650: gcc -shared  -fPIC -DPIC conftest.o  -v -Wl,-soname -Wl,conftest -o conftest 2\>\&1 \| /usr/bin/grep  -lc  \>/dev/null 2\>\&1
configure:10653: $? = 0
configure:10667: result: no
configure:10827: checking dynamic linker characteristics
configure:11409: gcc -o conftest -g -O2   -Wl,-rpath -Wl,/foo conftest.c  >&5
configure:11409: $? = 0
configure:11660: result: GNU/Linux ld.so
configure:11782: checking how to hardcode library paths into programs
configure:11807: result: immediate
configure:12359: checking whether stripping libraries is possible
configure:12364: result: yes
configure:12399: checking if libtool supports shared libraries
configure:12401: result: yes
configure:12404: checking whether to build shared libraries
configure:12429: result: yes
configure:12432: checking whether to build static libraries
configure:12436: result: no
configure:12526: checking for gcc
configure:12558: result: gcc
configure:12911: checking for C compiler version
configure:12920: gcc --version >&5
gcc (Ubuntu 11.4.0-1ubuntu1~22.04.3) 11.4.0
Copyright (C) 2021 Free Software Foundation, Inc.
This is free software; see the source for copying conditions.  There is NO
warranty; not even for MERCHANTABILITY or FITNESS FOR A PARTICULAR PURPOSE.

configure:12931: $? = 0
configure:12920: gcc -v >&5
Using built-in specs.
COLLECT_GCC=gcc
COLLECT_LTO_WRAPPER=/usr/lib/gcc/x86_64-linux-gnu/11/lto-wrapper
OFFLOAD_TARGET_NAMES=nvptx-none:amdgcn-amdhsa
OFFLOAD_TARGET_DEFAULT=1
Target: x86_64-linux-gnu
Configured with: ../src/configure -v --with-pkgversion='Ubuntu 11.4.0-1ubuntu1~22.04.3' --with-bugurl=file:///usr/share/doc/gcc-11/README.Bugs --enable-languages=c,ada,c++,go,brig,d,fortran,objc,obj-c++,m2 --prefix=/usr --with-gcc-major-version-only --program-suffix=-11 --program-prefix=x86_64-linux-gnu- --enable-shared --enable-linker-build-id --libexecdir=/usr/lib --without-included-gettext --enable-threads=posix --libdir=/usr/lib --enable-nls --enable-bootstrap --enable-clocale=gnu --enable-libstdcxx-debug --enable-libstdcxx-time=yes --with-default-libstdcxx-abi=new --enable-gnu-unique-object --disable-vtable-verify --enable-plugin --enable-default-pie --with-system-zlib --enable-libphobos-checking=release --with-target-system-zlib=auto --enable-objc-gc=auto --enable-multiarch --disable-werror --enable-cet --with-arch-32=i686 --with-abi=m64 --with-multilib-list=m32,m64,mx32 --enable-multilib --with-tune=generic --enable-offload-targets=nvptx-none=/build/gcc-11-0odw26/gcc-11-11.4.0/debian/tmp-nvptx/usr,amdgcn-amdhsa=/build/gcc-11-0odw26/gcc-11-11.4.0/debian/tmp-gcn/usr --without-cuda-driver --enable-checking=release --build=x86_64-linux-gnu --host=x86_64-linux-gnu --target=x86_64-linux-gnu --with-build-config=bootstrap-lto-lean --enable-link-serialization=2
Thread model: posix
Supported LTO compression algorithms: zlib zstd
gcc version 11.4.0 (Ubuntu 11.4.0-1ubuntu1~22.04.3) 
... rest of stderr output deleted ...
configure:12931: $? = 0
configure:12920: gcc -V >&5
gcc: error: unrecognized command-line option '-V'
gcc: fatal error: no input files
compilation terminated.
configure:12931: $? = 1
configure:12920: gcc -qversion >&5
gcc: error: unrecognized command-line option '-qversion'; did you mean '--version'?
gcc: fatal error: no input files
compilation terminated.
configure:12931: $? = 1
configure:12920: gcc -version >&5
gcc: error: unrecognized command-line option '-version'
gcc: fatal error: no input files
compilation terminated.
configure:12931: $? = 1
configure:12935: checking whether the compiler supports GNU C
configure:12965: result: yes
configure:12976: checking whether gcc accepts -g
configure:13041: result: yes
configure:13061: checking for gcc option to enable C11 features
configure:13094: result: none needed
configure:13210: checking whether gcc understands -c and -o together
configure:13248: result: yes
configure:13267: checking dependency style of gcc
configure:13379: result: gcc3
configure:13562: checking for the pthreads library -lpthreads
configure:13600: gcc -o conftest -g -O2    conftest.c -lpthreads  >&5
/usr/bin/ld: cannot find -lpthreads: No such file or directory
collect2: error: ld returned 1 exit status
configure:13600: $? = 1
configure: failed program was:
| /* confdefs.h */
| #define PACKAGE_NAME "bayes_opt-genom"
| #define PACKAGE_TARNAME "bayes_opt-genom"
| #define PACKAGE_VERSION "0.9"
| #define PACKAGE_STRING "bayes_opt-genom 0.9"
| #define PACKAGE_BUGREPORT "nobody@example.com"
| #define PACKAGE_URL ""
| #define HAVE_STDIO_H 1
| #define HAVE_STDLIB_H 1
| #define HAVE_STRING_H 1
| #define HAVE_INTTYPES_H 1
| #define HAVE_STDINT_H 1
| #define HAVE_STRINGS_H 1
| #define HAVE_SYS_STAT_H 1
| #define HAVE_SYS_TYPES_H 1
| #define HAVE_UNISTD_H 1
| #define STDC_HEADERS 1
| #define HAVE_DLFCN_H 1
| #define LT_OBJDIR ".libs/"
| /* end confdefs.h.  */
| #include <pthread.h>
| 	             static void routine(void* a) { (void)a; }
| 	             static void* start_routine(void* a) {return a;}
| int
| main (void)
| {
| pthread_t th = pthread_self(); pthread_attr_t attr;
|                      pthread_join(th, 0);
|                      pthread_attr_init(&attr);
|                      pthread_cleanup_push(routine, 0);
|                      pthread_create(&th,0,start_routine,0);
|                      pthread_cleanup_pop(0);
|   ;
|   return 0;
| }
configure:13610: result: no
configure:13502: checking whether pthreads work without any flags
configure:13600: gcc -o conftest -g -O2    conftest.c   >&5
configure:13600: $? = 0
configure:13610: result: yes
configure:13629: checking for joinable pthread attribute
configure:13644: gcc -o conftest -g -O2    conftest.c   >&5
configure:13644: $? = 0
configure:13651: result: PTHREAD_CREATE_JOINABLE
configure:13659: checking if more special flags are required for pthreads
configure:13666: result: no
configure:13813: checking for pkg-config
configure:13836: found /usr/bin/pkg-config
configure:13848: result: /usr/bin/pkg-config
configure:13873: checking pkg-config is at least version 0.9.0
configure:13876: result: yes
configure:13886: checking for pocolibs >= 2.5
configure:13893: $PKG_CONFIG --exists --print-errors "pocolibs >= 2.5"
configure:13896: $? = 0
configure:13910: $PKG_CONFIG --exists --print-errors "pocolibs >= 2.5"
configure:13913: $? = 0
configure:13971: result: yes
configure:13977: checking for genom3-pocolibs >= 1.13
configure:13984: $PKG_CONFIG --exists --print-errors "genom3-pocolibs >= 1.13"
configure:13987: $? = 0
configure:14001: $PKG_CONFIG --exists --print-errors "genom3-pocolibs >= 1.13"
configure:14004: $? = 0
configure:14062: result: yes
configure:14068: checking for genom3 >= 2.99.40
configure:14075: $PKG_CONFIG --exists --print-errors "genom3 >= 2.99.40"
configure:14078: $? = 0
configure:14092: $PKG_CONFIG --exists --print-errors "genom3 >= 2.99.40"
configure:14095: $? = 0
configure:14153: result: yes
configure:14161: $PKG_CONFIG --exists --print-errors "genom3 >= 2.99.40"
configure:14164: $? = 0
configure:14179: checking for genom3-c-client >= 20250116
configure:14186: $PKG_CONFIG --exists --print-errors "genom3-c-client >= 20250116"
configure:14189: $? = 0
configure:14203: $PKG_CONFIG --exists --print-errors "genom3-c-client >= 20250116"
configure:14206: $? = 0
configure:14264: result: yes
configure:14272: $PKG_CONFIG --exists --print-errors "genom3-c-client >= 20250116"
configure:14275: $? = 0
configure:14391: checking that generated files are newer than configure
configure:14397: result: done
configure:14424: creating ./config.status

## ---------------------- ##
## Running config.status. ##
## ---------------------- ##

This file was extended by bayes_opt-genom config.status 0.9, which was
generated by GNU Autoconf 2.71.  Invocation command line was

  CONFIG_FILES    = 
  CONFIG_HEADERS  = 
  CONFIG_LINKS    = 
  CONFIG_COMMANDS = 
  $ ./config.status 

on lichenjiang-Laptop

config.status:1099: creating Makefile
config.status:1099: creating bayes_opt-c-client.pc
config.status:1099: creating bayes_opt-c-client-uninstalled.pc
config.status:1099: creating autoconf/acheader.h
config.status:1328: executing depfiles commands
config.status:1405: cd .       && sed -e '/# am--include-marker/d' Makefile         | make -f - am--depfiles
config.status:1410: $? = 0
config.status:1328: executing libtool commands

## ---------------- ##
## Cache variables. ##
## ---------------- ##

ac_cv_build=x86_64-pc-linux-gnu
ac_cv_c_compiler_gnu=yes
ac_cv_env_CC_set=
ac_cv_env_CC_value=
ac_cv_env_CFLAGS_set=
ac_cv_env_CFLAGS_value=
ac_cv_env_CPPFLAGS_set=
ac_cv_env_CPPFLAGS_value=
ac_cv_env_LDFLAGS_set=
ac_cv_env_LDFLAGS_value=
ac_cv_env_LIBS_set=
ac_cv_env_LIBS_value=
ac_cv_env_LT_SYS_LIBRARY_PATH_set=
ac_cv_env_LT_SYS_LIBRARY_PATH_value=
ac_cv_env_PKG_CONFIG_LIBDIR_set=
ac_cv_env_PKG_CONFIG_LIBDIR_value=
ac_cv_env_PKG_CONFIG_PATH_set=set
ac_cv_env_PKG_CONFIG_PATH_value=/home/lichenjiang/src/bayes_opt-genom3/build/./pocolibs/client/c:/home/lichenjiang/src/bayes_opt-genom3/build/./pocolibs/server:/home/lichenjiang/src/bayes_opt-genom3/build:/home/lichenjiang/openrobots/share/pkgconfig:/home/lichenjiang/openrobots/lib/pkgconfig:/usr/share/pkgconfig:/usr/lib/pkgconfig
ac_cv_env_PKG_CONFIG_set=
ac_cv_env_PKG_CONFIG_value=
ac_cv_env_build_alias_set=
ac_cv_env_build_alias_value=
ac_cv_env_genom3_CFLAGS_set=
ac_cv_env_genom3_CFLAGS_value=
ac_cv_env_genom3_LIBS_set=
ac_cv_env_genom3_LIBS_value=
ac_cv_env_genom3_c_client_CFLAGS_set=
ac_cv_env_genom3_c_client_CFLAGS_value=
ac_cv_env_genom3_c_client_LIBS_set=
ac_cv_env_genom3_c_client_LIBS_value=
ac_cv_env_genom3_pocolibs_CFLAGS_set=
ac_cv_env_genom3_pocolibs_CFLAGS_value=
ac_cv_env_genom3_pocolibs_LIBS_set=
ac_cv_env_genom3_pocolibs_LIBS_value=
ac_cv_env_host_alias_set=
ac_cv_env_host_alias_value=
ac_cv_env_pocolibs_CFLAGS_set=
ac_cv_env_pocolibs_CFLAGS_value=
ac_cv_env_pocolibs_LIBS_set=
ac_cv_env_pocolibs_LIBS_value=
ac_cv_env_target_alias_set=
ac_cv_env_target_alias_value=
ac_cv_header_dlfcn_h=yes
ac_cv_header_inttypes_h=yes
ac_cv_header_stdint_h=yes
ac_cv_header_stdio_h=yes
ac_cv_header_stdlib_h=yes
ac_cv_header_string_h=yes
ac_cv_header_strings_h=yes
ac_cv_header_sys_stat_h=yes
ac_cv_header_sys_types_h=yes
ac_cv_header_unistd_h=yes
ac_cv_host=x86_64-pc-linux-gnu
ac_cv_objext=o
ac_cv_path_EGREP='/usr/bin/grep -E'
ac_cv_path_FGREP='/usr/bin/grep -F'
ac_cv_path_GREP=/usr/bin/grep
ac_cv_path_SED=/usr/bin/sed
ac_cv_path_ac_pt_PKG_CONFIG=/usr/bin/pkg-config
ac_cv_path_install='/usr/bin/install -c'
ac_cv_path_lt_DD=/usr/bin/dd
ac_cv_path_mkdir=/usr/bin/mkdir
ac_cv_prog_AWK=mawk
ac_cv_prog_ac_ct_AR=ar
ac_cv_prog_ac_ct_CC=gcc
ac_cv_prog_ac_ct_MANIFEST_TOOL=mt
ac_cv_prog_ac_ct_OBJDUMP=objdump
ac_cv_prog_ac_ct_RANLIB=ranlib
ac_cv_prog_ac_ct_STRIP=strip
ac_cv_prog_cc_c11=
ac_cv_prog_cc_g=yes
ac_cv_prog_cc_stdc=
ac_cv_prog_make_make_set=yes
am_cv_CC_dependencies_compiler_type=gcc3
am_cv_make_support_nested_variables=yes
am_cv_prog_cc_c_o=yes
lt_cv_ar_at_file=@
lt_cv_archive_cmds_need_lc=no
lt_cv_deplibs_check_method=pass_all
lt_cv_file_magic_cmd='$MAGIC_CMD'
lt_cv_file_magic_test_file=
lt_cv_ld_reload_flag=-r
lt_cv_nm_interface='BSD nm'
lt_cv_objdir=.libs
lt_cv_path_LD=/usr/bin/ld
lt_cv_path_NM='/usr/bin/nm -B'
lt_cv_path_mainfest_tool=no
lt_cv_prog_compiler_c_o=yes
lt_cv_prog_compiler_pic='-fPIC -DPIC'
lt_cv_prog_compiler_pic_works=yes
lt_cv_prog_compiler_rtti_exceptions=no
lt_cv_prog_compiler_static_works=yes
lt_cv_prog_gnu_ld=yes
lt_cv_sharedlib_from_linklib_cmd='printf %s\n'
lt_cv_shlibpath_overrides_runpath=yes
lt_cv_sys_global_symbol_pipe='sed -n -e '\''s/^.*[	 ]\([ABCDGIRSTW][ABCDGIRSTW]*\)[	 ][	 ]*\([_A-Za-z][_A-Za-z0-9]*\)$/\1 \2 \2/p'\'' | sed '\''/ __gnu_lto/d'\'''
lt_cv_sys_global_symbol_to_c_name_address='sed -n -e '\''s/^: \(.*\) .*$/  {"\1", (void *) 0},/p'\'' -e '\''s/^[ABCDGIRSTW][ABCDGIRSTW]* .* \(.*\)$/  {"\1", (void *) \&\1},/p'\'''
lt_cv_sys_global_symbol_to_c_name_address_lib_prefix='sed -n -e '\''s/^: \(.*\) .*$/  {"\1", (void *) 0},/p'\'' -e '\''s/^[ABCDGIRSTW][ABCDGIRSTW]* .* \(lib.*\)$/  {"\1", (void *) \&\1},/p'\'' -e '\''s/^[ABCDGIRSTW][ABCDGIRSTW]* .* \(.*\)$/  {"lib\1", (void *) \&\1},/p'\'''
lt_cv_sys_global_symbol_to_cdecl='sed -n -e '\''s/^T .* \(.*\)$/extern int \1();/p'\'' -e '\''s/^[ABCDGIRSTW][ABCDGIRSTW]* .* \(.*\)$/extern char \1;/p'\'''
lt_cv_sys_global_symbol_to_import=
lt_cv_sys_max_cmd_len=1572864
lt_cv_to_host_file_cmd=func_convert_file_noop
lt_cv_to_tool_file_cmd=func_convert_file_noop
lt_cv_truncate_bin='/usr/bin/dd bs=4096 count=1'
pkg_cv_GENOM_CLIENT_PROTOCOL=20250116
pkg_cv_genom3=/home/lichenjiang/openrobots/bin/genom3
pkg_cv_genom3_CFLAGS=-I/home/lichenjiang/openrobots/include
pkg_cv_genom3_LIBS=
pkg_cv_genom3_c_client_CFLAGS=-I/home/lichenjiang/openrobots/include
pkg_cv_genom3_c_client_LIBS=
pkg_cv_genom3_pocolibs_CFLAGS=
pkg_cv_genom3_pocolibs_LIBS='-L/home/lichenjiang/openrobots/lib -Wl,-rpath,/home/lichenjiang/openrobots/lib'
pkg_cv_pocolibs_CFLAGS=-I/home/lichenjiang/openrobots/include
pkg_cv_pocolibs_LIBS='-L/home/lichenjiang/openrobots/lib -Wl,-rpath,/home/lichenjiang/openrobots/lib -lposterLib -lcomLib -lportLib -lm -ltirpc'

## ----------------- ##
## Output variables. ##
## ----------------- ##

ACLOCAL='${SHELL} '\''/home/lichenjiang/src/bayes_opt-genom3/build/pocolibs/client/c/autoconf/missing'\'' aclocal-1.16'
AMDEPBACKSLASH='\'
AMDEP_FALSE='#'
AMDEP_TRUE=''
AMTAR='$${TAR-tar}'
AM_BACKSLASH='\'
AM_DEFAULT_V='$(AM_DEFAULT_VERBOSITY)'
AM_DEFAULT_VERBOSITY='1'
AM_V='$(V)'
AR='ar'
AUTOCONF='${SHELL} '\''/home/lichenjiang/src/bayes_opt-genom3/build/pocolibs/client/c/autoconf/missing'\'' autoconf'
AUTOHEADER='${SHELL} '\''/home/lichenjiang/src/bayes_opt-genom3/build/pocolibs/client/c/autoconf/missing'\'' autoheader'
AUTOMAKE='${SHELL} '\''/home/lichenjiang/src/bayes_opt-genom3/build/pocolibs/client/c/autoconf/missing'\'' automake-1.16'
AWK='mawk'
CC='gcc'
CCDEPMODE='depmode=gcc3'
CFLAGS='-g -O2'
CPPFLAGS=''
CSCOPE='cscope'
CTAGS='ctags'
CYGPATH_W='echo'
DEFS='-DHAVE_CONFIG_H'
DEPDIR='.deps'
DLLTOOL='false'
DSYMUTIL=''
DUMPBIN=''
ECHO_C=''
ECHO_N='-n'
ECHO_T=''
EGREP='/usr/bin/grep -E'
ETAGS='etags'
EXEEXT=''
FGREP='/usr/bin/grep -F'
GENOM_CLIENT_PROTOCOL='20250116'
GREP='/usr/bin/grep'
INSTALL_DATA='${INSTALL} -m 644'
INSTALL_PROGRAM='${INSTALL}'
INSTALL_SCRIPT='${INSTALL}'
INSTALL_STRIP_PROGRAM='$(install_sh) -c -s'
LD='/usr/bin/ld -m elf_x86_64'
LDFLAGS=''
LIBOBJS=''
LIBS=''
LIBTOOL='$(SHELL) $(top_builddir)/libtool'
LIPO=''
LN_S='ln -s'
LTLIBOBJS=''
LT_SYS_LIBRARY_PATH=''
MAKEINFO='${SHELL} '\''/home/lichenjiang/src/bayes_opt-genom3/build/pocolibs/client/c/autoconf/missing'\'' makeinfo'
MANIFEST_TOOL=':'
MKDIR_P='/usr/bin/mkdir -p'
NM='/usr/bin/nm -B'
NMEDIT=''
OBJDUMP='objdump'
OBJEXT='o'
OTOOL64=''
OTOOL=''
PACKAGE='bayes_opt-genom'
PACKAGE_BUGREPORT='nobody@example.com'
PACKAGE_NAME='bayes_opt-genom'
PACKAGE_STRING='bayes_opt-genom 0.9'
PACKAGE_TARNAME='bayes_opt-genom'
PACKAGE_URL=''
PACKAGE_VERSION='0.9'
PATH_SEPARATOR=':'
PKG_CONFIG='/usr/bin/pkg-config'
PKG_CONFIG_LIBDIR=''
PKG_CONFIG_PATH='/home/lichenjiang/src/bayes_opt-genom3/build/./pocolibs/client/c:/home/lichenjiang/src/bayes_opt-genom3/build/./pocolibs/server:/home/lichenjiang/src/bayes_opt-genom3/build:/home/lichenjiang/openrobots/share/pkgconfig:/home/lichenjiang/openrobots/lib/pkgconfig:/usr/share/pkgconfig:/usr/lib/pkgconfig'
PTHREAD_CC='gcc'
PTHREAD_CFLAGS=''
PTHREAD_LIBS=''
RANLIB='ranlib'
SED='/usr/bin/sed'
SET_MAKE=''
SHELL='/bin/bash'
STRIP='strip'
VERSION='0.9'
ac_ct_AR='ar'
ac_ct_CC='gcc'
ac_ct_DUMPBIN=''
am__EXEEXT_FALSE=''
am__EXEEXT_TRUE='#'
am__fastdepCC_FALSE='#'
am__fastdepCC_TRUE=''
am__include='include'
am__isrc=''
am__leading_dot='.'
am__nodep='_no'
am__quote=''
am__tar='$${TAR-tar} chof - "$$tardir"'
am__untar='$${TAR-tar} xf -'
ax_pthread_config=''
bindir='${exec_prefix}/bin'
build='x86_64-pc-linux-gnu'
build_alias=''
build_cpu='x86_64'
build_os='linux-gnu'
build_vendor='pc'
datadir='${datarootdir}'
datarootdir='${prefix}/share'
docdir='${datarootdir}/doc/${PACKAGE_TARNAME}'
dvidir='${docdir}'
exec_prefix='${prefix}'
genom3='/home/lichenjiang/openrobots/bin/genom3'
genom3_CFLAGS='-I/home/lichenjiang/openrobots/include'
genom3_LIBS=''
genom3_c_client_CFLAGS='-I/home/lichenjiang/openrobots/include'
genom3_c_client_LIBS=''
genom3_pocolibs_CFLAGS=''
genom3_pocolibs_LIBS='-L/home/lichenjiang/openrobots/lib -Wl,-rpath,/home/lichenjiang/openrobots/lib'
host='x86_64-pc-linux-gnu'
host_alias=''
host_cpu='x86_64'
host_os='linux-gnu'
host_vendor='pc'
htmldir='${docdir}'
includedir='${prefix}/include'
infodir='${datarootdir}/info'
install_sh='${SHELL} /home/lichenjiang/src/bayes_opt-genom3/build/pocolibs/client/c/autoconf/install-sh'
libdir='${exec_prefix}/lib'
libexecdir='${exec_prefix}/libexec'
localedir='${datarootdir}/locale'
localstatedir='${prefix}/var'
mandir='${datarootdir}/man'
mkdir_p='$(MKDIR_P)'
oldincludedir='/usr/include'
pdfdir='${docdir}'
pocolibs_CFLAGS='-I/home/lichenjiang/openrobots/include'
pocolibs_LIBS='-L/home/lichenjiang/openrobots/lib -Wl,-rpath,/home/lichenjiang/openrobots/lib -lposterLib -lcomLib -lportLib -lm -ltirpc'
prefix='/home/lichenjiang/openrobots'
program_transform_name='s,x,x,'
psdir='${docdir}'
runstatedir='${localstatedir}/run'
sbindir='${exec_prefix}/sbin'
sharedstatedir='${prefix}/com'
sysconfdir='${prefix}/etc'
target_alias=''

## ----------- ##
## confdefs.h. ##
## ----------- ##

/* confdefs.h */
#define PACKAGE_NAME "bayes_opt-genom"
#define PACKAGE_TARNAME "bayes_opt-genom"
#define PACKAGE_VERSION "0.9"
#define PACKAGE_STRING "bayes_opt-genom 0.9"
#define PACKAGE_BUGREPORT "nobody@example.com"
#define PACKAGE_URL ""
#define HAVE_STDIO_H 1
#define HAVE_STDLIB_H 1
#define HAVE_STRING_H 1
#define HAVE_INTTYPES_H 1
#define HAVE_STDINT_H 1
#define HAVE_STRINGS_H 1
#define HAVE_SYS_STAT_H 1
#define HAVE_SYS_TYPES_H 1
#define HAVE_UNISTD_H 1
#define STDC_HEADERS 1
#define HAVE_DLFCN_H 1
#define LT_OBJDIR ".libs/"
#define HAVE_PTHREAD 1

configure: exit 0
