This file contains any messages produced by compilers while
running configure, to aid debugging if configure makes a mistake.

It was created by bayes_opt-genom configure 0.10, which was
generated by GNU Autoconf 2.71.  Invocation command line was

  $ ./configure --disable-option-checking --prefix=/home/lichenjiang/openrobots --cache-file=/dev/null --srcdir=. PKG_CONFIG_PATH=/home/lichenjiang/src/bayes_opt-genom3/build/./pocolibs/client/c:/home/lichenjiang/src/bayes_opt-genom3/build/./pocolibs/server:/home/lichenjiang/src/bayes_opt-genom3/build:/home/lichenjiang/openrobots/share/pkgconfig:/home/lichenjiang/openrobots/lib/pkgconfig:/usr/share/pkgconfig:/usr/lib/pkgconfig

## --------- ##
## Platform. ##
## --------- ##

hostname = lichenjiang-Laptop
uname -m = x86_64
uname -r = 6.8.0-124-generic
uname -s = Linux
uname -v = #124~22.04.1-Ubuntu SMP PREEMPT_DYNAMIC Tue May 26 21:05:19 UTC 

/usr/bin/uname -p = x86_64
/bin/uname -X     = unknown

/bin/arch              = x86_64
/usr/bin/arch -k       = unknown
/usr/convex/getsysinfo = unknown
/usr/bin/hostinfo      = unknown
/bin/machine           = unknown
/usr/bin/oslevel       = unknown
/bin/universe          = unknown

PATH: /opt/ros/humble/bin/
PATH: /home/lichenjiang/.local/bin/
PATH: /home/lichenjiang/openrobots/bin/
PATH: /home/lichenjiang/openrobots/sbin/
PATH: /usr/local/bin/
PATH: /usr/local/sbin/
PATH: /usr/bin/
PATH: /usr/sbin/
PATH: /home/lichenjiang/.local/bin/
PATH: /usr/local/sbin/
PATH: /usr/local/bin/
PATH: /usr/sbin/
PATH: /usr/bin/
PATH: /sbin/
PATH: /bin/
PATH: /usr/games/
PATH: /usr/local/games/
PATH: /snap/bin/
PATH: /snap/bin/
PATH: /home/lichenjiang/openrobots/bin/
PATH: /home/lichenjiang/openrobots/sbin/
PATH: ./


## ----------- ##
## Core tests. ##
## ----------- ##

configure:2391: looking for aux files: compile config.guess config.sub ltmain.sh missing install-sh
configure:2404:  trying ./autoconf/
configure:2433:   ./autoconf/compile found
configure:2433:   ./autoconf/config.guess found
configure:2433:   ./autoconf/config.sub found
configure:2433:   ./autoconf/ltmain.sh found
configure:2433:   ./autoconf/missing found
configure:2415:   ./autoconf/install-sh found
configure:2567: checking for a BSD-compatible install
configure:2640: result: /usr/bin/install -c
configure:2651: checking whether build environment is sane
configure:2706: result: yes
configure:2865: checking for a race-free mkdir -p
configure:2909: result: /usr/bin/mkdir -p
configure:2916: checking for gawk
configure:2951: result: no
configure:2916: checking for mawk
configure:2937: found /usr/bin/mawk
configure:2948: result: mawk
configure:2959: checking whether make sets $(MAKE)
configure:2982: result: yes
configure:3012: checking whether make supports nested variables
configure:3030: result: yes
configure:3195: checking build system type
configure:3210: result: x86_64-pc-linux-gnu
configure:3230: checking host system type
configure:3244: result: x86_64-pc-linux-gnu
configure:3285: checking how to print strings
configure:3312: result: printf
configure:3346: checking whether make supports the include directive
configure:3361: make -f confmf.GNU && cat confinc.out
this is the am__doit target
configure:3364: $? = 0
configure:3383: result: yes (GNU style)
configure:3459: checking for gcc
configure:3480: found /usr/bin/gcc
configure:3491: result: gcc
configure:3844: checking for C compiler version
configure:3853: gcc --version >&5
gcc (Ubuntu 11.4.0-1ubuntu1~22.04.3) 11.4.0
Copyright (C) 2021 Free Software Foundation, Inc.
This is free software; see the source for copying conditions.  There is NO
warranty; not even for MERCHANTABILITY or FITNESS FOR A PARTICULAR PURPOSE.

configure:3864: $? = 0
configure:3853: gcc -v >&5
Using built-in specs.
COLLECT_GCC=gcc
COLLECT_LTO_WRAPPER=/usr/lib/gcc/x86_64-linux-gnu/11/lto-wrapper
OFFLOAD_TARGET_NAMES=nvptx-none:amdgcn-amdhsa
OFFLOAD_TARGET_DEFAULT=1
Target: x86_64-linux-gnu
Configured with: ../src/configure -v --with-pkgversion='Ubuntu 11.4.0-1ubuntu1~22.04.3' --with-bugurl=file:///usr/share/doc/gcc-11/README.Bugs --enable-languages=c,ada,c++,go,brig,d,fortran,objc,obj-c++,m2 --prefix=/usr --with-gcc-major-version-only --program-suffix=-11 --program-prefix=x86_64-linux-gnu- --enable-shared --enable-linker-build-id --libexecdir=/usr/lib --without-included-gettext --enable-threads=posix --libdir=/usr/lib --enable-nls --enable-bootstrap --enable-clocale=gnu --enable-libstdcxx-debug --enable-libstdcxx-time=yes --with-default-libstdcxx-abi=new --enable-gnu-unique-object --disable-vtable-verify --enable-plugin --enable-default-pie --with-system-zlib --enable-libphobos-checking=release --with-target-system-zlib=auto --enable-objc-gc=auto --enable-multiarch --disable-werror --enable-cet --with-arch-32=i686 --with-abi=m64 --with-multilib-list=m32,m64,mx32 --enable-multilib --with-tune=generic --enable-offload-targets=nvptx-none=/build/gcc-11-0odw26/gcc-11-11.4.0/debian/tmp-nvptx/usr,amdgcn-amdhsa=/build/gcc-11-0odw26/gcc-11-11.4.0/debian/tmp-gcn/usr --without-cuda-driver --enable-checking=release --build=x86_64-linux-gnu --host=x86_64-linux-gnu --target=x86_64-linux-gnu --with-build-config=bootstrap-lto-lean --enable-link-serialization=2
Thread model: posix
Supported LTO compression algorithms: zlib zstd
gcc version 11.4.0 (Ubuntu 11.4.0-1ubuntu1~22.04.3) 
... rest of stderr output deleted ...
configure:3864: $? = 0
configure:3853: gcc -V >&5
gcc: error: unrecognized command-line option '-V'
gcc: fatal error: no input files
compilation terminated.
configure:3864: $? = 1
configure:3853: gcc -qversion >&5
gcc: error: unrecognized command-line option '-qversion'; did you mean '--version'?
gcc: fatal error: no input files
compilation terminated.
configure:3864: $? = 1
configure:3853: gcc -version >&5
gcc: error: unrecognized command-line option '-version'
gcc: fatal error: no input files
compilation terminated.
configure:3864: $? = 1
configure:3884: checking whether the C compiler works
configure:3906: gcc    conftest.c  >&5
configure:3910: $? = 0
configure:3960: result: yes
configure:3963: checking for C compiler default output file name
configure:3965: result: a.out
configure:3971: checking for suffix of executables
configure:3978: gcc -o conftest    conftest.c  >&5
configure:3982: $? = 0
configure:4005: result: 
configure:4027: checking whether we are cross compiling
configure:4035: gcc -o conftest    conftest.c  >&5
configure:4039: $? = 0
configure:4046: ./conftest
configure:4050: $? = 0
configure:4065: result: no
configure:4070: checking for suffix of object files
configure:4093: gcc -c   conftest.c >&5
configure:4097: $? = 0
configure:4119: result: o
configure:4123: checking whether the compiler supports GNU C
configure:4143: gcc -c   conftest.c >&5
configure:4143: $? = 0
configure:4153: result: yes
configure:4164: checking whether gcc accepts -g
configure:4185: gcc -c -g  conftest.c >&5
configure:4185: $? = 0
configure:4229: result: yes
configure:4249: checking for gcc option to enable C11 features
configure:4264: gcc  -c -g -O2  conftest.c >&5
configure:4264: $? = 0
configure:4282: result: none needed
configure:4398: checking whether gcc understands -c and -o together
configure:4421: gcc -c conftest.c -o conftest2.o
configure:4424: $? = 0
configure:4421: gcc -c conftest.c -o conftest2.o
configure:4424: $? = 0
configure:4436: result: yes
configure:4455: checking dependency style of gcc
configure:4567: result: gcc3
configure:4582: checking for a sed that does not truncate output
configure:4652: result: /usr/bin/sed
configure:4670: checking for grep that handles long lines and -e
configure:4734: result: /usr/bin/grep
configure:4739: checking for egrep
configure:4807: result: /usr/bin/grep -E
configure:4812: checking for fgrep
configure:4880: result: /usr/bin/grep -F
configure:4916: checking for ld used by gcc
configure:4984: result: /usr/bin/ld
configure:4991: checking if the linker (/usr/bin/ld) is GNU ld
configure:5007: result: yes
configure:5019: checking for BSD- or MS-compatible name lister (nm)
configure:5074: result: /usr/bin/nm -B
configure:5214: checking the name lister (/usr/bin/nm -B) interface
configure:5222: gcc -c -g -O2  conftest.c >&5
configure:5225: /usr/bin/nm -B "conftest.o"
configure:5228: output
0000000000000000 B some_variable
configure:5235: result: BSD nm
configure:5238: checking whether ln -s works
configure:5242: result: yes
configure:5250: checking the maximum length of command line arguments
configure:5382: result: 1572864
configure:5430: checking how to convert x86_64-pc-linux-gnu file names to x86_64-pc-linux-gnu format
configure:5471: result: func_convert_file_noop
configure:5478: checking how to convert x86_64-pc-linux-gnu file names to toolchain format
configure:5499: result: func_convert_file_noop
configure:5506: checking for /usr/bin/ld option to reload object files
configure:5514: result: -r
configure:5593: checking for objdump
configure:5614: found /usr/bin/objdump
configure:5625: result: objdump
configure:5657: checking how to recognize dependent libraries
configure:5858: result: pass_all
configure:5948: checking for dlltool
configure:5983: result: no
configure:6013: checking how to associate runtime and link libraries
configure:6041: result: printf %s\n
configure:6107: checking for ar
configure:6128: found /usr/bin/ar
configure:6139: result: ar
configure:6176: checking for archiver @FILE support
configure:6194: gcc -c -g -O2  conftest.c >&5
configure:6194: $? = 0
configure:6198: ar cr libconftest.a @conftest.lst >&5
configure:6201: $? = 0
configure:6206: ar cr libconftest.a @conftest.lst >&5
ar: conftest.o: No such file or directory
configure:6209: $? = 1
configure:6221: result: @
configure:6284: checking for strip
configure:6305: found /usr/bin/strip
configure:6316: result: strip
configure:6393: checking for ranlib
configure:6414: found /usr/bin/ranlib
configure:6425: result: ranlib
configure:6527: checking command to parse /usr/bin/nm -B output from gcc object
configure:6681: gcc -c -g -O2  conftest.c >&5
configure:6684: $? = 0
configure:6688: /usr/bin/nm -B conftest.o | sed -n -e 's/^.*[	 ]\([ABCDGIRSTW][ABCDGIRSTW]*\)[	 ][	 ]*\([_A-Za-z][_A-Za-z0-9]*\)$/\1 \2 \2/p' | sed '/ __gnu_lto/d' > conftest.nm
configure:6754: gcc -o conftest -g -O2   conftest.c conftstm.o >&5
configure:6757: $? = 0
configure:6795: result: ok
configure:6842: checking for sysroot
configure:6873: result: no
configure:6880: checking for a working dd
configure:6924: result: /usr/bin/dd
configure:6928: checking how to truncate binary pipes
configure:6944: result: /usr/bin/dd bs=4096 count=1
configure:7081: gcc -c -g -O2  conftest.c >&5
configure:7084: $? = 0
configure:7281: checking for mt
configure:7302: found /usr/bin/mt
configure:7313: result: mt
configure:7336: checking if mt is a manifest tool
configure:7343: mt '-?'
configure:7351: result: no
configure:8081: checking for stdio.h
configure:8081: gcc -c -g -O2  conftest.c >&5
configure:8081: $? = 0
configure:8081: result: yes
configure:8081: checking for stdlib.h
configure:8081: gcc -c -g -O2  conftest.c >&5
configure:8081: $? = 0
configure:8081: result: yes
configure:8081: checking for string.h
configure:8081: gcc -c -g -O2  conftest.c >&5
configure:8081: $? = 0
configure:8081: result: yes
configure:8081: checking for inttypes.h
configure:8081: gcc -c -g -O2  conftest.c >&5
configure:8081: $? = 0
configure:8081: result: yes
configure:8081: checking for stdint.h
configure:8081: gcc -c -g -O2  conftest.c >&5
configure:8081: $? = 0
configure:8081: result: yes
configure:8081: checking for strings.h
configure:8081: gcc -c -g -O2  conftest.c >&5
configure:8081: $? = 0
configure:8081: result: yes
configure:8081: checking for sys/stat.h
configure:8081: gcc -c -g -O2  conftest.c >&5
configure:8081: $? = 0
configure:8081: result: yes
configure:8081: checking for sys/types.h
configure:8081: gcc -c -g -O2  conftest.c >&5
configure:8081: $? = 0
configure:8081: result: yes
configure:8081: checking for unistd.h
configure:8081: gcc -c -g -O2  conftest.c >&5
configure:8081: $? = 0
configure:8081: result: yes
configure:8106: checking for dlfcn.h
configure:8106: gcc -c -g -O2  conftest.c >&5
configure:8106: $? = 0
configure:8106: result: yes
configure:8364: checking for objdir
configure:8380: result: .libs
configure:8644: checking if gcc supports -fno-rtti -fno-exceptions
configure:8663: gcc -c -g -O2  -fno-rtti -fno-exceptions conftest.c >&5
cc1: warning: command-line option '-fno-rtti' is valid for C++/D/ObjC++ but not for C
configure:8667: $? = 0
configure:8680: result: no
configure:9044: checking for gcc option to produce PIC
configure:9052: result: -fPIC -DPIC
configure:9060: checking if gcc PIC flag -fPIC -DPIC works
configure:9079: gcc -c -g -O2  -fPIC -DPIC -DPIC conftest.c >&5
configure:9083: $? = 0
configure:9096: result: yes
configure:9125: checking if gcc static flag -static works
configure:9154: result: yes
configure:9169: checking if gcc supports -c -o file.o
configure:9191: gcc -c -g -O2  -o out/conftest2.o conftest.c >&5
configure:9195: $? = 0
configure:9217: result: yes
configure:9225: checking if gcc supports -c -o file.o
configure:9273: result: yes
configure:9306: checking whether the gcc linker (/usr/bin/ld -m elf_x86_64) supports shared libraries
configure:10576: result: yes
configure:10613: checking whether -lc should be explicitly linked in
configure:10622: gcc -c -g -O2  conftest.c >&5
configure:10625: $? = 0
configure:10640: gcc -shared  -fPIC -DPIC conftest.o  -v -Wl,-soname -Wl,conftest -o conftest 2\>\&1 \| /usr/bin/grep  -lc  \>/dev/null 2\>\&1
configure:10643: $? = 0
configure:10657: result: no
configure:10817: checking dynamic linker characteristics
configure:11399: gcc -o conftest -g -O2   -Wl,-rpath -Wl,/foo conftest.c  >&5
configure:11399: $? = 0
configure:11650: result: GNU/Linux ld.so
configure:11772: checking how to hardcode library paths into programs
configure:11797: result: immediate
configure:12349: checking whether stripping libraries is possible
configure:12354: result: yes
configure:12389: checking if libtool supports shared libraries
configure:12391: result: yes
configure:12394: checking whether to build shared libraries
configure:12419: result: yes
configure:12422: checking whether to build static libraries
configure:12426: result: no
configure:12516: checking for gcc
configure:12548: result: gcc
configure:12901: checking for C compiler version
configure:12910: gcc --version >&5
gcc (Ubuntu 11.4.0-1ubuntu1~22.04.3) 11.4.0
Copyright (C) 2021 Free Software Foundation, Inc.
This is free software; see the source for copying conditions.  There is NO
warranty; not even for MERCHANTABILITY or FITNESS FOR A PARTICULAR PURPOSE.

configure:12921: $? = 0
configure:12910: gcc -v >&5
Using built-in specs.
COLLECT_GCC=gcc
COLLECT_LTO_WRAPPER=/usr/lib/gcc/x86_64-linux-gnu/11/lto-wrapper
OFFLOAD_TARGET_NAMES=nvptx-none:amdgcn-amdhsa
OFFLOAD_TARGET_DEFAULT=1
Target: x86_64-linux-gnu
Configured with: ../src/configure -v --with-pkgversion='Ubuntu 11.4.0-1ubuntu1~22.04.3' --with-bugurl=file:///usr/share/doc/gcc-11/README.Bugs --enable-languages=c,ada,c++,go,brig,d,fortran,objc,obj-c++,m2 --prefix=/usr --with-gcc-major-version-only --program-suffix=-11 --program-prefix=x86_64-linux-gnu- --enable-shared --enable-linker-build-id --libexecdir=/usr/lib --without-included-gettext --enable-threads=posix --libdir=/usr/lib --enable-nls --enable-bootstrap --enable-clocale=gnu --enable-libstdcxx-debug --enable-libstdcxx-time=yes --with-default-libstdcxx-abi=new --enable-gnu-unique-object --disable-vtable-verify --enable-plugin --enable-default-pie --with-system-zlib --enable-libphobos-checking=release --with-target-system-zlib=auto --enable-objc-gc=auto --enable-multiarch --disable-werror --enable-cet --with-arch-32=i686 --with-abi=m64 --with-multilib-list=m32,m64,mx32 --enable-multilib --with-tune=generic --enable-offload-targets=nvptx-none=/build/gcc-11-0odw26/gcc-11-11.4.0/debian/tmp-nvptx/usr,amdgcn-amdhsa=/build/gcc-11-0odw26/gcc-11-11.4.0/debian/tmp-gcn/usr --without-cuda-driver --enable-checking=release --build=x86_64-linux-gnu --host=x86_64-linux-gnu --target=x86_64-linux-gnu --with-build-config=bootstrap-lto-lean --enable-link-serialization=2
Thread model: posix
Supported LTO compression algorithms: zlib zstd
gcc version 11.4.0 (Ubuntu 11.4.0-1ubuntu1~22.04.3) 
... rest of stderr output deleted ...
configure:12921: $? = 0
configure:12910: gcc -V >&5
gcc: error: unrecognized command-line option '-V'
gcc: fatal error: no input files
compilation terminated.
configure:12921: $? = 1
configure:12910: gcc -qversion >&5
gcc: error: unrecognized command-line option '-qversion'; did you mean '--version'?
gcc: fatal error: no input files
compilation terminated.
configure:12921: $? = 1
configure:12910: gcc -version >&5
gcc: error: unrecognized command-line option '-version'
gcc: fatal error: no input files
compilation terminated.
configure:12921: $? = 1
configure:12925: checking whether the compiler supports GNU C
configure:12955: result: yes
configure:12966: checking whether gcc accepts -g
configure:13031: result: yes
configure:13051: checking for gcc option to enable C11 features
configure:13084: result: none needed
configure:13200: checking whether gcc understands -c and -o together
configure:13238: result: yes
configure:13257: checking dependency style of gcc
configure:13369: result: gcc3
configure:13552: checking for the pthreads library -lpthreads
configure:13590: gcc -o conftest -g -O2    conftest.c -lpthreads  >&5
/usr/bin/ld: cannot find -lpthreads: No such file or directory
collect2: error: ld returned 1 exit status
configure:13590: $? = 1
configure: failed program was:
| /* confdefs.h */
| #define PACKAGE_NAME "bayes_opt-genom"
| #define PACKAGE_TARNAME "bayes_opt-genom"
| #define PACKAGE_VERSION "0.10"
| #define PACKAGE_STRING "bayes_opt-genom 0.10"
| #define PACKAGE_BUGREPORT "nobody@example.com"
| #define PACKAGE_URL ""
| #define HAVE_STDIO_H 1
| #define HAVE_STDLIB_H 1
| #define HAVE_STRING_H 1
| #define HAVE_INTTYPES_H 1
| #define HAVE_STDINT_H 1
| #define HAVE_STRINGS_H 1
| #define HAVE_SYS_STAT_H 1
| #define HAVE_SYS_TYPES_H 1
| #define HAVE_UNISTD_H 1
| #define STDC_HEADERS 1
| #define HAVE_DLFCN_H 1
| #define LT_OBJDIR ".libs/"
| /* end confdefs.h.  */
| #include <pthread.h>
| 	             static void routine(void* a) { (void)a; }
| 	             static void* start_routine(void* a) {return a;}
| int
| main (void)
| {
| pthread_t th = pthread_self(); pthread_attr_t attr;
|                      pthread_join(th, 0);
|                      pthread_attr_init(&attr);
|                      pthread_cleanup_push(routine, 0);
|                      pthread_create(&th,0,start_routine,0);
|                      pthread_cleanup_pop(0);
|   ;
|   return 0;
| }
configure:13600: result: no
configure:13492: checking whether pthreads work without any flags
configure:13590: gcc -o conftest -g -O2    conftest.c   >&5
configure:13590: $? = 0
configure:13600: result: yes
configure:13619: checking for joinable pthread attribute
configure:13634: gcc -o conftest -g -O2    conftest.c   >&5
configure:13634: $? = 0
configure:13641: result: PTHREAD_CREATE_JOINABLE
configure:13649: checking if more special flags are required for pthreads
configure:13656: result: no
configure:13804: checking for pkg-config
configure:13827: found /usr/bin/pkg-config
configure:13839: result: /usr/bin/pkg-config
configure:13864: checking pkg-config is at least version 0.9.0
configure:13867: result: yes
configure:13877: checking for pocolibs >= 2.11.99
configure:13884: $PKG_CONFIG --exists --print-errors "pocolibs >= 2.11.99"
configure:13887: $? = 0
configure:13901: $PKG_CONFIG --exists --print-errors "pocolibs >= 2.11.99"
configure:13904: $? = 0
configure:13962: result: yes
configure:13983: checking for genom3 >= 2.99.42
configure:13990: $PKG_CONFIG --exists --print-errors "genom3 >= 2.99.42"
configure:13993: $? = 0
configure:14007: $PKG_CONFIG --exists --print-errors "genom3 >= 2.99.42"
configure:14010: $? = 0
configure:14068: result: yes
configure:14076: $PKG_CONFIG --exists --print-errors "genom3 >= 2.99.42"
configure:14079: $? = 0
configure:14095: checking for bayes_opt-genom3 >= 0.10
configure:14102: $PKG_CONFIG --exists --print-errors "bayes_opt-genom3 >= 0.10"
configure:14105: $? = 0
configure:14119: $PKG_CONFIG --exists --print-errors "bayes_opt-genom3 >= 0.10"
configure:14122: $? = 0
configure:14180: result: yes
configure:14288: checking that generated files are newer than configure
configure:14294: result: done
configure:14321: creating ./config.status

## ---------------------- ##
## Running config.status. ##
## ---------------------- ##

This file was extended by bayes_opt-genom config.status 0.10, which was
generated by GNU Autoconf 2.71.  Invocation command line was

  CONFIG_FILES    = 
  CONFIG_HEADERS  = 
  CONFIG_LINKS    = 
  CONFIG_COMMANDS = 
  $ ./config.status 

on lichenjiang-Laptop

config.status:1094: creating Makefile
config.status:1094: creating autoconf/acheader.h
config.status:1323: executing depfiles commands
config.status:1400: cd .       && sed -e '/# am--include-marker/d' Makefile         | make -f - am--depfiles
config.status:1405: $? = 0
config.status:1323: executing libtool commands

## ---------------- ##
## Cache variables. ##
## ---------------- ##

ac_cv_build=x86_64-pc-linux-gnu
ac_cv_c_compiler_gnu=yes
ac_cv_env_CC_set=
ac_cv_env_CC_value=
ac_cv_env_CFLAGS_set=
ac_cv_env_CFLAGS_value=
ac_cv_env_CPPFLAGS_set=
ac_cv_env_CPPFLAGS_value=
ac_cv_env_LDFLAGS_set=
ac_cv_env_LDFLAGS_value=
ac_cv_env_LIBS_set=
ac_cv_env_LIBS_value=
ac_cv_env_LT_SYS_LIBRARY_PATH_set=
ac_cv_env_LT_SYS_LIBRARY_PATH_value=
ac_cv_env_PKG_CONFIG_LIBDIR_set=
ac_cv_env_PKG_CONFIG_LIBDIR_value=
ac_cv_env_PKG_CONFIG_PATH_set=set
ac_cv_env_PKG_CONFIG_PATH_value=/home/lichenjiang/src/bayes_opt-genom3/build/./pocolibs/client/c:/home/lichenjiang/src/bayes_opt-genom3/build/./pocolibs/server:/home/lichenjiang/src/bayes_opt-genom3/build:/home/lichenjiang/openrobots/share/pkgconfig:/home/lichenjiang/openrobots/lib/pkgconfig:/usr/share/pkgconfig:/usr/lib/pkgconfig
ac_cv_env_PKG_CONFIG_set=
ac_cv_env_PKG_CONFIG_value=
ac_cv_env_build_alias_set=
ac_cv_env_build_alias_value=
ac_cv_env_codels_CFLAGS_set=
ac_cv_env_codels_CFLAGS_value=
ac_cv_env_codels_LIBS_set=
ac_cv_env_codels_LIBS_value=
ac_cv_env_genom3_CFLAGS_set=
ac_cv_env_genom3_CFLAGS_value=
ac_cv_env_genom3_LIBS_set=
ac_cv_env_genom3_LIBS_value=
ac_cv_env_host_alias_set=
ac_cv_env_host_alias_value=
ac_cv_env_pocolibs_CFLAGS_set=
ac_cv_env_pocolibs_CFLAGS_value=
ac_cv_env_pocolibs_LIBS_set=
ac_cv_env_pocolibs_LIBS_value=
ac_cv_env_target_alias_set=
ac_cv_env_target_alias_value=
ac_cv_header_dlfcn_h=yes
ac_cv_header_inttypes_h=yes
ac_cv_header_stdint_h=yes
ac_cv_header_stdio_h=yes
ac_cv_header_stdlib_h=yes
ac_cv_header_string_h=yes
ac_cv_header_strings_h=yes
ac_cv_header_sys_stat_h=yes
ac_cv_header_sys_types_h=yes
ac_cv_header_unistd_h=yes
ac_cv_host=x86_64-pc-linux-gnu
ac_cv_objext=o
ac_cv_path_EGREP='/usr/bin/grep -E'
ac_cv_path_FGREP='/usr/bin/grep -F'
ac_cv_path_GREP=/usr/bin/grep
ac_cv_path_SED=/usr/bin/sed
ac_cv_path_ac_pt_PKG_CONFIG=/usr/bin/pkg-config
ac_cv_path_install='/usr/bin/install -c'
ac_cv_path_lt_DD=/usr/bin/dd
ac_cv_path_mkdir=/usr/bin/mkdir
ac_cv_prog_AWK=mawk
ac_cv_prog_ac_ct_AR=ar
ac_cv_prog_ac_ct_CC=gcc
ac_cv_prog_ac_ct_MANIFEST_TOOL=mt
ac_cv_prog_ac_ct_OBJDUMP=objdump
ac_cv_prog_ac_ct_RANLIB=ranlib
ac_cv_prog_ac_ct_STRIP=strip
ac_cv_prog_cc_c11=
ac_cv_prog_cc_g=yes
ac_cv_prog_cc_stdc=
ac_cv_prog_make_make_set=yes
am_cv_CC_dependencies_compiler_type=gcc3
am_cv_make_support_nested_variables=yes
am_cv_prog_cc_c_o=yes
lt_cv_ar_at_file=@
lt_cv_archive_cmds_need_lc=no
lt_cv_deplibs_check_method=pass_all
lt_cv_file_magic_cmd='$MAGIC_CMD'
lt_cv_file_magic_test_file=
lt_cv_ld_reload_flag=-r
lt_cv_nm_interface='BSD nm'
lt_cv_objdir=.libs
lt_cv_path_LD=/usr/bin/ld
lt_cv_path_NM='/usr/bin/nm -B'
lt_cv_path_mainfest_tool=no
lt_cv_prog_compiler_c_o=yes
lt_cv_prog_compiler_pic='-fPIC -DPIC'
lt_cv_prog_compiler_pic_works=yes
lt_cv_prog_compiler_rtti_exceptions=no
lt_cv_prog_compiler_static_works=yes
lt_cv_prog_gnu_ld=yes
lt_cv_sharedlib_from_linklib_cmd='printf %s\n'
lt_cv_shlibpath_overrides_runpath=yes
lt_cv_sys_global_symbol_pipe='sed -n -e '\''s/^.*[	 ]\([ABCDGIRSTW][ABCDGIRSTW]*\)[	 ][	 ]*\([_A-Za-z][_A-Za-z0-9]*\)$/\1 \2 \2/p'\'' | sed '\''/ __gnu_lto/d'\'''
lt_cv_sys_global_symbol_to_c_name_address='sed -n -e '\''s/^: \(.*\) .*$/  {"\1", (void *) 0},/p'\'' -e '\''s/^[ABCDGIRSTW][ABCDGIRSTW]* .* \(.*\)$/  {"\1", (void *) \&\1},/p'\'''
lt_cv_sys_global_symbol_to_c_name_address_lib_prefix='sed -n -e '\''s/^: \(.*\) .*$/  {"\1", (void *) 0},/p'\'' -e '\''s/^[ABCDGIRSTW][ABCDGIRSTW]* .* \(lib.*\)$/  {"\1", (void *) \&\1},/p'\'' -e '\''s/^[ABCDGIRSTW][ABCDGIRSTW]* .* \(.*\)$/  {"lib\1", (void *) \&\1},/p'\'''
lt_cv_sys_global_symbol_to_cdecl='sed -n -e '\''s/^T .* \(.*\)$/extern int \1();/p'\'' -e '\''s/^[ABCDGIRSTW][ABCDGIRSTW]* .* \(.*\)$/extern char \1;/p'\'''
lt_cv_sys_global_symbol_to_import=
lt_cv_sys_max_cmd_len=1572864
lt_cv_to_host_file_cmd=func_convert_file_noop
lt_cv_to_tool_file_cmd=func_convert_file_noop
lt_cv_truncate_bin='/usr/bin/dd bs=4096 count=1'
pkg_cv_codels_CFLAGS='-I/home/lichenjiang/openrobots/share/idl/openrobots2-idl -I/home/lichenjiang/openrobots/include'
pkg_cv_codels_LIBS='-L/home/lichenjiang/src/bayes_opt-genom3/build/codels/.libs -lbayes_opt_codels'
pkg_cv_genom3=/home/lichenjiang/openrobots/bin/genom3
pkg_cv_genom3_CFLAGS=-I/home/lichenjiang/openrobots/include
pkg_cv_genom3_LIBS=
pkg_cv_pocolibs_CFLAGS=-I/home/lichenjiang/openrobots/include
pkg_cv_pocolibs_LIBS='-L/home/lichenjiang/openrobots/lib -Wl,-rpath,/home/lichenjiang/openrobots/lib -lposterLib -lcomLib -lportLib -lm -ltirpc'

## ----------------- ##
## Output variables. ##
## ----------------- ##

ACLOCAL='${SHELL} '\''/home/lichenjiang/src/bayes_opt-genom3/build/pocolibs/server/autoconf/missing'\'' aclocal-1.16'
AMDEPBACKSLASH='\'
AMDEP_FALSE='#'
AMDEP_TRUE=''
AMTAR='$${TAR-tar}'
AM_BACKSLASH='\'
AM_DEFAULT_V='$(AM_DEFAULT_VERBOSITY)'
AM_DEFAULT_VERBOSITY='1'
AM_V='$(V)'
AR='ar'
AUTOCONF='${SHELL} '\''/home/lichenjiang/src/bayes_opt-genom3/build/pocolibs/server/autoconf/missing'\'' autoconf'
AUTOHEADER='${SHELL} '\''/home/lichenjiang/src/bayes_opt-genom3/build/pocolibs/server/autoconf/missing'\'' autoheader'
AUTOMAKE='${SHELL} '\''/home/lichenjiang/src/bayes_opt-genom3/build/pocolibs/server/autoconf/missing'\'' automake-1.16'
AWK='mawk'
CC='gcc'
CCDEPMODE='depmode=gcc3'
CFLAGS='-g -O2'
CPPFLAGS=''
CSCOPE='cscope'
CTAGS='ctags'
CYGPATH_W='echo'
DEFS='-DHAVE_CONFIG_H'
DEPDIR='.deps'
DLLTOOL='false'
DSYMUTIL=''
DUMPBIN=''
ECHO_C=''
ECHO_N='-n'
ECHO_T=''
EGREP='/usr/bin/grep -E'
ETAGS='etags'
EXEEXT=''
FGREP='/usr/bin/grep -F'
GREP='/usr/bin/grep'
INSTALL_DATA='${INSTALL} -m 644'
INSTALL_PROGRAM='${INSTALL}'
INSTALL_SCRIPT='${INSTALL}'
INSTALL_STRIP_PROGRAM='$(install_sh) -c -s'
LD='/usr/bin/ld -m elf_x86_64'
LDFLAGS=''
LIBOBJS=''
LIBS=''
LIBTOOL='$(SHELL) $(top_builddir)/libtool'
LIPO=''
LN_S='ln -s'
LTLIBOBJS=''
LT_SYS_LIBRARY_PATH=''
MAKEINFO='${SHELL} '\''/home/lichenjiang/src/bayes_opt-genom3/build/pocolibs/server/autoconf/missing'\'' makeinfo'
MANIFEST_TOOL=':'
MKDIR_P='/usr/bin/mkdir -p'
NM='/usr/bin/nm -B'
NMEDIT=''
OBJDUMP='objdump'
OBJEXT='o'
OTOOL64=''
OTOOL=''
PACKAGE='bayes_opt-genom'
PACKAGE_BUGREPORT='nobody@example.com'
PACKAGE_NAME='bayes_opt-genom'
PACKAGE_STRING='bayes_opt-genom 0.10'
PACKAGE_TARNAME='bayes_opt-genom'
PACKAGE_URL=''
PACKAGE_VERSION='0.10'
PATH_SEPARATOR=':'
PKG_CONFIG='/usr/bin/pkg-config'
PKG_CONFIG_LIBDIR=''
PKG_CONFIG_PATH='/home/lichenjiang/src/bayes_opt-genom3/build/./pocolibs/client/c:/home/lichenjiang/src/bayes_opt-genom3/build/./pocolibs/server:/home/lichenjiang/src/bayes_opt-genom3/build:/home/lichenjiang/openrobots/share/pkgconfig:/home/lichenjiang/openrobots/lib/pkgconfig:/usr/share/pkgconfig:/usr/lib/pkgconfig'
PTHREAD_CC='gcc'
PTHREAD_CFLAGS=''
PTHREAD_LIBS=''
RANLIB='ranlib'
SED='/usr/bin/sed'
SET_MAKE=''
SHELL='/bin/bash'
STRIP='strip'
VERSION='0.10'
ac_ct_AR='ar'
ac_ct_CC='gcc'
ac_ct_DUMPBIN=''
am__EXEEXT_FALSE=''
am__EXEEXT_TRUE='#'
am__fastdepCC_FALSE='#'
am__fastdepCC_TRUE=''
am__include='include'
am__isrc=''
am__leading_dot='.'
am__nodep='_no'
am__quote=''
am__tar='$${TAR-tar} chof - "$$tardir"'
am__untar='$${TAR-tar} xf -'
ax_pthread_config=''
bindir='${exec_prefix}/bin'
build='x86_64-pc-linux-gnu'
build_alias=''
build_cpu='x86_64'
build_os='linux-gnu'
build_vendor='pc'
codels_CFLAGS='-I/home/lichenjiang/openrobots/share/idl/openrobots2-idl -I/home/lichenjiang/openrobots/include'
codels_LIBS='-L/home/lichenjiang/src/bayes_opt-genom3/build/codels/.libs -lbayes_opt_codels'
datadir='${datarootdir}'
datarootdir='${prefix}/share'
docdir='${datarootdir}/doc/${PACKAGE_TARNAME}'
dvidir='${docdir}'
exec_prefix='${prefix}'
genom3='/home/lichenjiang/openrobots/bin/genom3'
genom3_CFLAGS='-I/home/lichenjiang/openrobots/include'
genom3_LIBS=''
host='x86_64-pc-linux-gnu'
host_alias=''
host_cpu='x86_64'
host_os='linux-gnu'
host_vendor='pc'
htmldir='${docdir}'
includedir='${prefix}/include'
infodir='${datarootdir}/info'
install_sh='${SHELL} /home/lichenjiang/src/bayes_opt-genom3/build/pocolibs/server/autoconf/install-sh'
libdir='${exec_prefix}/lib'
libexecdir='${exec_prefix}/libexec'
localedir='${datarootdir}/locale'
localstatedir='${prefix}/var'
mandir='${datarootdir}/man'
mkdir_p='$(MKDIR_P)'
oldincludedir='/usr/include'
pdfdir='${docdir}'
pocolibs_CFLAGS='-I/home/lichenjiang/openrobots/include'
pocolibs_LIBS='-L/home/lichenjiang/openrobots/lib -R/home/lichenjiang/openrobots/lib -lposterLib -lcomLib -lportLib -lm -ltirpc'
prefix='/home/lichenjiang/openrobots'
program_transform_name='s,x,x,'
psdir='${docdir}'
runstatedir='${localstatedir}/run'
sbindir='${exec_prefix}/sbin'
sharedstatedir='${prefix}/com'
sysconfdir='${prefix}/etc'
target_alias=''

## ----------- ##
## confdefs.h. ##
## ----------- ##

/* confdefs.h */
#define PACKAGE_NAME "bayes_opt-genom"
#define PACKAGE_TARNAME "bayes_opt-genom"
#define PACKAGE_VERSION "0.10"
#define PACKAGE_STRING "bayes_opt-genom 0.10"
#define PACKAGE_BUGREPORT "nobody@example.com"
#define PACKAGE_URL ""
#define HAVE_STDIO_H 1
#define HAVE_STDLIB_H 1
#define HAVE_STRING_H 1
#define HAVE_INTTYPES_H 1
#define HAVE_STDINT_H 1
#define HAVE_STRINGS_H 1
#define HAVE_SYS_STAT_H 1
#define HAVE_SYS_TYPES_H 1
#define HAVE_UNISTD_H 1
#define STDC_HEADERS 1
#define HAVE_DLFCN_H 1
#define LT_OBJDIR ".libs/"
#define HAVE_PTHREAD 1

configure: exit 0
