This file contains any messages produced by compilers while
running configure, to aid debugging if configure makes a mistake.

It was created by bayes_opt-genom3 configure 0.8, which was
generated by GNU Autoconf 2.71.  Invocation command line was

  $ ../configure --prefix=/home/lichenjiang/openrobots --with-templates=pocolibs/server,pocolibs/client/c

## --------- ##
## Platform. ##
## --------- ##

hostname = lichenjiang-Laptop
uname -m = x86_64
uname -r = 6.8.0-124-generic
uname -s = Linux
uname -v = #124~22.04.1-Ubuntu SMP PREEMPT_DYNAMIC Tue May 26 21:05:19 UTC 

/usr/bin/uname -p = x86_64
/bin/uname -X     = unknown

/bin/arch              = x86_64
/usr/bin/arch -k       = unknown
/usr/convex/getsysinfo = unknown
/usr/bin/hostinfo      = unknown
/bin/machine           = unknown
/usr/bin/oslevel       = unknown
/bin/universe          = unknown

PATH: /opt/ros/humble/bin/
PATH: /home/lichenjiang/.local/bin/
PATH: /home/lichenjiang/openrobots/bin/
PATH: /home/lichenjiang/openrobots/sbin/
PATH: /usr/local/bin/
PATH: /usr/local/sbin/
PATH: /usr/bin/
PATH: /usr/sbin/
PATH: /home/lichenjiang/.local/bin/
PATH: /usr/local/sbin/
PATH: /usr/local/bin/
PATH: /usr/sbin/
PATH: /usr/bin/
PATH: /sbin/
PATH: /bin/
PATH: /usr/games/
PATH: /usr/local/games/
PATH: /snap/bin/
PATH: /snap/bin/
PATH: /home/lichenjiang/openrobots/bin/
PATH: /home/lichenjiang/openrobots/sbin/
PATH: ./


## ----------- ##
## Core tests. ##
## ----------- ##

configure:2384: looking for aux files: compile config.guess config.sub ltmain.sh missing install-sh
configure:2397:  trying ../autoconf/
configure:2426:   ../autoconf/compile found
configure:2426:   ../autoconf/config.guess found
configure:2426:   ../autoconf/config.sub found
configure:2426:   ../autoconf/ltmain.sh found
configure:2426:   ../autoconf/missing found
configure:2408:   ../autoconf/install-sh found
configure:2559: checking for a BSD-compatible install
configure:2632: result: /usr/bin/install -c
configure:2643: checking whether build environment is sane
configure:2698: result: yes
configure:2857: checking for a race-free mkdir -p
configure:2901: result: /usr/bin/mkdir -p
configure:2908: checking for gawk
configure:2943: result: no
configure:2908: checking for mawk
configure:2929: found /usr/bin/mawk
configure:2940: result: mawk
configure:2951: checking whether make sets $(MAKE)
configure:2974: result: yes
configure:3004: checking whether make supports nested variables
configure:3022: result: yes
configure:3186: checking build system type
configure:3201: result: x86_64-pc-linux-gnu
configure:3221: checking host system type
configure:3235: result: x86_64-pc-linux-gnu
configure:3276: checking how to print strings
configure:3303: result: printf
configure:3337: checking whether make supports the include directive
configure:3352: make -f confmf.GNU && cat confinc.out
this is the am__doit target
configure:3355: $? = 0
configure:3374: result: yes (GNU style)
configure:3450: checking for gcc
configure:3471: found /usr/bin/gcc
configure:3482: result: gcc
configure:3835: checking for C compiler version
configure:3844: gcc --version >&5
gcc (Ubuntu 11.4.0-1ubuntu1~22.04.3) 11.4.0
Copyright (C) 2021 Free Software Foundation, Inc.
This is free software; see the source for copying conditions.  There is NO
warranty; not even for MERCHANTABILITY or FITNESS FOR A PARTICULAR PURPOSE.

configure:3855: $? = 0
configure:3844: gcc -v >&5
Using built-in specs.
COLLECT_GCC=gcc
COLLECT_LTO_WRAPPER=/usr/lib/gcc/x86_64-linux-gnu/11/lto-wrapper
OFFLOAD_TARGET_NAMES=nvptx-none:amdgcn-amdhsa
OFFLOAD_TARGET_DEFAULT=1
Target: x86_64-linux-gnu
Configured with: ../src/configure -v --with-pkgversion='Ubuntu 11.4.0-1ubuntu1~22.04.3' --with-bugurl=file:///usr/share/doc/gcc-11/README.Bugs --enable-languages=c,ada,c++,go,brig,d,fortran,objc,obj-c++,m2 --prefix=/usr --with-gcc-major-version-only --program-suffix=-11 --program-prefix=x86_64-linux-gnu- --enable-shared --enable-linker-build-id --libexecdir=/usr/lib --without-included-gettext --enable-threads=posix --libdir=/usr/lib --enable-nls --enable-bootstrap --enable-clocale=gnu --enable-libstdcxx-debug --enable-libstdcxx-time=yes --with-default-libstdcxx-abi=new --enable-gnu-unique-object --disable-vtable-verify --enable-plugin --enable-default-pie --with-system-zlib --enable-libphobos-checking=release --with-target-system-zlib=auto --enable-objc-gc=auto --enable-multiarch --disable-werror --enable-cet --with-arch-32=i686 --with-abi=m64 --with-multilib-list=m32,m64,mx32 --enable-multilib --with-tune=generic --enable-offload-targets=nvptx-none=/build/gcc-11-0odw26/gcc-11-11.4.0/debian/tmp-nvptx/usr,amdgcn-amdhsa=/build/gcc-11-0odw26/gcc-11-11.4.0/debian/tmp-gcn/usr --without-cuda-driver --enable-checking=release --build=x86_64-linux-gnu --host=x86_64-linux-gnu --target=x86_64-linux-gnu --with-build-config=bootstrap-lto-lean --enable-link-serialization=2
Thread model: posix
Supported LTO compression algorithms: zlib zstd
gcc version 11.4.0 (Ubuntu 11.4.0-1ubuntu1~22.04.3) 
... rest of stderr output deleted ...
configure:3855: $? = 0
configure:3844: gcc -V >&5
gcc: error: unrecognized command-line option '-V'
gcc: fatal error: no input files
compilation terminated.
configure:3855: $? = 1
configure:3844: gcc -qversion >&5
gcc: error: unrecognized command-line option '-qversion'; did you mean '--version'?
gcc: fatal error: no input files
compilation terminated.
configure:3855: $? = 1
configure:3844: gcc -version >&5
gcc: error: unrecognized command-line option '-version'
gcc: fatal error: no input files
compilation terminated.
configure:3855: $? = 1
configure:3875: checking whether the C compiler works
configure:3897: gcc    conftest.c  >&5
configure:3901: $? = 0
configure:3951: result: yes
configure:3954: checking for C compiler default output file name
configure:3956: result: a.out
configure:3962: checking for suffix of executables
configure:3969: gcc -o conftest    conftest.c  >&5
configure:3973: $? = 0
configure:3996: result: 
configure:4018: checking whether we are cross compiling
configure:4026: gcc -o conftest    conftest.c  >&5
configure:4030: $? = 0
configure:4037: ./conftest
configure:4041: $? = 0
configure:4056: result: no
configure:4061: checking for suffix of object files
configure:4084: gcc -c   conftest.c >&5
configure:4088: $? = 0
configure:4110: result: o
configure:4114: checking whether the compiler supports GNU C
configure:4134: gcc -c   conftest.c >&5
configure:4134: $? = 0
configure:4144: result: yes
configure:4155: checking whether gcc accepts -g
configure:4176: gcc -c -g  conftest.c >&5
configure:4176: $? = 0
configure:4220: result: yes
configure:4240: checking for gcc option to enable C11 features
configure:4255: gcc  -c -g -O2  conftest.c >&5
configure:4255: $? = 0
configure:4273: result: none needed
configure:4389: checking whether gcc understands -c and -o together
configure:4412: gcc -c conftest.c -o conftest2.o
configure:4415: $? = 0
configure:4412: gcc -c conftest.c -o conftest2.o
configure:4415: $? = 0
configure:4427: result: yes
configure:4446: checking dependency style of gcc
configure:4558: result: gcc3
configure:4573: checking for a sed that does not truncate output
configure:4643: result: /usr/bin/sed
configure:4661: checking for grep that handles long lines and -e
configure:4725: result: /usr/bin/grep
configure:4730: checking for egrep
configure:4798: result: /usr/bin/grep -E
configure:4803: checking for fgrep
configure:4871: result: /usr/bin/grep -F
configure:4907: checking for ld used by gcc
configure:4975: result: /usr/bin/ld
configure:4982: checking if the linker (/usr/bin/ld) is GNU ld
configure:4998: result: yes
configure:5010: checking for BSD- or MS-compatible name lister (nm)
configure:5065: result: /usr/bin/nm -B
configure:5205: checking the name lister (/usr/bin/nm -B) interface
configure:5213: gcc -c -g -O2  conftest.c >&5
configure:5216: /usr/bin/nm -B "conftest.o"
configure:5219: output
0000000000000000 B some_variable
configure:5226: result: BSD nm
configure:5229: checking whether ln -s works
configure:5233: result: yes
configure:5241: checking the maximum length of command line arguments
configure:5373: result: 1572864
configure:5421: checking how to convert x86_64-pc-linux-gnu file names to x86_64-pc-linux-gnu format
configure:5462: result: func_convert_file_noop
configure:5469: checking how to convert x86_64-pc-linux-gnu file names to toolchain format
configure:5490: result: func_convert_file_noop
configure:5497: checking for /usr/bin/ld option to reload object files
configure:5505: result: -r
configure:5584: checking for objdump
configure:5605: found /usr/bin/objdump
configure:5616: result: objdump
configure:5648: checking how to recognize dependent libraries
configure:5849: result: pass_all
configure:5939: checking for dlltool
configure:5974: result: no
configure:6004: checking how to associate runtime and link libraries
configure:6032: result: printf %s\n
configure:6098: checking for ar
configure:6119: found /usr/bin/ar
configure:6130: result: ar
configure:6167: checking for archiver @FILE support
configure:6185: gcc -c -g -O2  conftest.c >&5
configure:6185: $? = 0
configure:6189: ar cr libconftest.a @conftest.lst >&5
configure:6192: $? = 0
configure:6197: ar cr libconftest.a @conftest.lst >&5
ar: conftest.o: No such file or directory
configure:6200: $? = 1
configure:6212: result: @
configure:6275: checking for strip
configure:6296: found /usr/bin/strip
configure:6307: result: strip
configure:6384: checking for ranlib
configure:6405: found /usr/bin/ranlib
configure:6416: result: ranlib
configure:6518: checking command to parse /usr/bin/nm -B output from gcc object
configure:6672: gcc -c -g -O2  conftest.c >&5
configure:6675: $? = 0
configure:6679: /usr/bin/nm -B conftest.o | sed -n -e 's/^.*[	 ]\([ABCDGIRSTW][ABCDGIRSTW]*\)[	 ][	 ]*\([_A-Za-z][_A-Za-z0-9]*\)$/\1 \2 \2/p' | sed '/ __gnu_lto/d' > conftest.nm
configure:6745: gcc -o conftest -g -O2   conftest.c conftstm.o >&5
configure:6748: $? = 0
configure:6786: result: ok
configure:6833: checking for sysroot
configure:6864: result: no
configure:6871: checking for a working dd
configure:6915: result: /usr/bin/dd
configure:6919: checking how to truncate binary pipes
configure:6935: result: /usr/bin/dd bs=4096 count=1
configure:7072: gcc -c -g -O2  conftest.c >&5
configure:7075: $? = 0
configure:7272: checking for mt
configure:7293: found /usr/bin/mt
configure:7304: result: mt
configure:7327: checking if mt is a manifest tool
configure:7334: mt '-?'
configure:7342: result: no
configure:8072: checking for stdio.h
configure:8072: gcc -c -g -O2  conftest.c >&5
configure:8072: $? = 0
configure:8072: result: yes
configure:8072: checking for stdlib.h
configure:8072: gcc -c -g -O2  conftest.c >&5
configure:8072: $? = 0
configure:8072: result: yes
configure:8072: checking for string.h
configure:8072: gcc -c -g -O2  conftest.c >&5
configure:8072: $? = 0
configure:8072: result: yes
configure:8072: checking for inttypes.h
configure:8072: gcc -c -g -O2  conftest.c >&5
configure:8072: $? = 0
configure:8072: result: yes
configure:8072: checking for stdint.h
configure:8072: gcc -c -g -O2  conftest.c >&5
configure:8072: $? = 0
configure:8072: result: yes
configure:8072: checking for strings.h
configure:8072: gcc -c -g -O2  conftest.c >&5
configure:8072: $? = 0
configure:8072: result: yes
configure:8072: checking for sys/stat.h
configure:8072: gcc -c -g -O2  conftest.c >&5
configure:8072: $? = 0
configure:8072: result: yes
configure:8072: checking for sys/types.h
configure:8072: gcc -c -g -O2  conftest.c >&5
configure:8072: $? = 0
configure:8072: result: yes
configure:8072: checking for unistd.h
configure:8072: gcc -c -g -O2  conftest.c >&5
configure:8072: $? = 0
configure:8072: result: yes
configure:8097: checking for dlfcn.h
configure:8097: gcc -c -g -O2  conftest.c >&5
configure:8097: $? = 0
configure:8097: result: yes
configure:8355: checking for objdir
configure:8371: result: .libs
configure:8635: checking if gcc supports -fno-rtti -fno-exceptions
configure:8654: gcc -c -g -O2  -fno-rtti -fno-exceptions conftest.c >&5
cc1: warning: command-line option '-fno-rtti' is valid for C++/D/ObjC++ but not for C
configure:8658: $? = 0
configure:8671: result: no
configure:9035: checking for gcc option to produce PIC
configure:9043: result: -fPIC -DPIC
configure:9051: checking if gcc PIC flag -fPIC -DPIC works
configure:9070: gcc -c -g -O2  -fPIC -DPIC -DPIC conftest.c >&5
configure:9074: $? = 0
configure:9087: result: yes
configure:9116: checking if gcc static flag -static works
configure:9145: result: yes
configure:9160: checking if gcc supports -c -o file.o
configure:9182: gcc -c -g -O2  -o out/conftest2.o conftest.c >&5
configure:9186: $? = 0
configure:9208: result: yes
configure:9216: checking if gcc supports -c -o file.o
configure:9264: result: yes
configure:9297: checking whether the gcc linker (/usr/bin/ld -m elf_x86_64) supports shared libraries
configure:10567: result: yes
configure:10604: checking whether -lc should be explicitly linked in
configure:10613: gcc -c -g -O2  conftest.c >&5
configure:10616: $? = 0
configure:10631: gcc -shared  -fPIC -DPIC conftest.o  -v -Wl,-soname -Wl,conftest -o conftest 2\>\&1 \| /usr/bin/grep  -lc  \>/dev/null 2\>\&1
configure:10634: $? = 0
configure:10648: result: no
configure:10808: checking dynamic linker characteristics
configure:11390: gcc -o conftest -g -O2   -Wl,-rpath -Wl,/foo conftest.c  >&5
configure:11390: $? = 0
configure:11641: result: GNU/Linux ld.so
configure:11763: checking how to hardcode library paths into programs
configure:11788: result: immediate
configure:12340: checking whether stripping libraries is possible
configure:12345: result: yes
configure:12380: checking if libtool supports shared libraries
configure:12382: result: yes
configure:12385: checking whether to build shared libraries
configure:12410: result: yes
configure:12413: checking whether to build static libraries
configure:12417: result: no
configure:12507: checking for gcc
configure:12539: result: gcc
configure:12892: checking for C compiler version
configure:12901: gcc --version >&5
gcc (Ubuntu 11.4.0-1ubuntu1~22.04.3) 11.4.0
Copyright (C) 2021 Free Software Foundation, Inc.
This is free software; see the source for copying conditions.  There is NO
warranty; not even for MERCHANTABILITY or FITNESS FOR A PARTICULAR PURPOSE.

configure:12912: $? = 0
configure:12901: gcc -v >&5
Using built-in specs.
COLLECT_GCC=gcc
COLLECT_LTO_WRAPPER=/usr/lib/gcc/x86_64-linux-gnu/11/lto-wrapper
OFFLOAD_TARGET_NAMES=nvptx-none:amdgcn-amdhsa
OFFLOAD_TARGET_DEFAULT=1
Target: x86_64-linux-gnu
Configured with: ../src/configure -v --with-pkgversion='Ubuntu 11.4.0-1ubuntu1~22.04.3' --with-bugurl=file:///usr/share/doc/gcc-11/README.Bugs --enable-languages=c,ada,c++,go,brig,d,fortran,objc,obj-c++,m2 --prefix=/usr --with-gcc-major-version-only --program-suffix=-11 --program-prefix=x86_64-linux-gnu- --enable-shared --enable-linker-build-id --libexecdir=/usr/lib --without-included-gettext --enable-threads=posix --libdir=/usr/lib --enable-nls --enable-bootstrap --enable-clocale=gnu --enable-libstdcxx-debug --enable-libstdcxx-time=yes --with-default-libstdcxx-abi=new --enable-gnu-unique-object --disable-vtable-verify --enable-plugin --enable-default-pie --with-system-zlib --enable-libphobos-checking=release --with-target-system-zlib=auto --enable-objc-gc=auto --enable-multiarch --disable-werror --enable-cet --with-arch-32=i686 --with-abi=m64 --with-multilib-list=m32,m64,mx32 --enable-multilib --with-tune=generic --enable-offload-targets=nvptx-none=/build/gcc-11-0odw26/gcc-11-11.4.0/debian/tmp-nvptx/usr,amdgcn-amdhsa=/build/gcc-11-0odw26/gcc-11-11.4.0/debian/tmp-gcn/usr --without-cuda-driver --enable-checking=release --build=x86_64-linux-gnu --host=x86_64-linux-gnu --target=x86_64-linux-gnu --with-build-config=bootstrap-lto-lean --enable-link-serialization=2
Thread model: posix
Supported LTO compression algorithms: zlib zstd
gcc version 11.4.0 (Ubuntu 11.4.0-1ubuntu1~22.04.3) 
... rest of stderr output deleted ...
configure:12912: $? = 0
configure:12901: gcc -V >&5
gcc: error: unrecognized command-line option '-V'
gcc: fatal error: no input files
compilation terminated.
configure:12912: $? = 1
configure:12901: gcc -qversion >&5
gcc: error: unrecognized command-line option '-qversion'; did you mean '--version'?
gcc: fatal error: no input files
compilation terminated.
configure:12912: $? = 1
configure:12901: gcc -version >&5
gcc: error: unrecognized command-line option '-version'
gcc: fatal error: no input files
compilation terminated.
configure:12912: $? = 1
configure:12916: checking whether the compiler supports GNU C
configure:12946: result: yes
configure:12957: checking whether gcc accepts -g
configure:13022: result: yes
configure:13042: checking for gcc option to enable C11 features
configure:13075: result: none needed
configure:13191: checking whether gcc understands -c and -o together
configure:13229: result: yes
configure:13248: checking dependency style of gcc
configure:13360: result: gcc3
configure:13377: checking for GNU make
configure:13416: result: /usr/bin/make
configure:13487: checking for pkg-config
configure:13510: found /usr/bin/pkg-config
configure:13522: result: /usr/bin/pkg-config
configure:13547: checking pkg-config is at least version 0.9.0
configure:13550: result: yes
configure:13560: checking for openrobots2-idl >= 2.0, genom3 >= 2.99.26
configure:13567: $PKG_CONFIG --exists --print-errors "$requires_SPEC"
configure:13570: $? = 0
configure:13584: $PKG_CONFIG --exists --print-errors "$requires_SPEC"
configure:13587: $? = 0
configure:13645: result: yes
configure:13652: checking for genom3
configure:13675: found /home/lichenjiang/openrobots/bin/genom3
configure:13688: result: /home/lichenjiang/openrobots/bin/genom3
configure:13723: checking for autoreconf
configure:13746: found /usr/bin/autoreconf
configure:13759: result: /usr/bin/autoreconf
configure:13970: checking that generated files are newer than configure
configure:13976: result: done
configure:14003: creating ./config.status

## ---------------------- ##
## Running config.status. ##
## ---------------------- ##

This file was extended by bayes_opt-genom3 config.status 0.8, which was
generated by GNU Autoconf 2.71.  Invocation command line was

  CONFIG_FILES    = 
  CONFIG_HEADERS  = 
  CONFIG_LINKS    = 
  CONFIG_COMMANDS = 
  $ ./config.status 

on lichenjiang-Laptop

config.status:1095: creating bayes_opt-genom3.pc
config.status:1095: creating bayes_opt-genom3-uninstalled.pc
config.status:1095: creating Makefile
config.status:1095: creating codels/Makefile
config.status:1095: creating autoconf/acbayes_opt.h
config.status:1261: autoconf/acbayes_opt.h is unchanged
config.status:1309: executing depfiles commands
config.status:1386: cd codels       && sed -e '/# am--include-marker/d' Makefile         | /usr/bin/make -f - am--depfiles
make: Nothing to be done for 'am--depfiles'.
config.status:1391: $? = 0
config.status:1309: executing libtool commands
configure:16151: configuring for pocolibs/server
configure:16155: running /home/lichenjiang/openrobots/bin/genom3  -C .. pocolibs/server -C ./pocolibs/server bayes_opt.gen
configure:16165: running autoreconf -vi for pocolibs/server
configure:16177: running /bin/bash configure '--disable-option-checking' '--prefix=/home/lichenjiang/openrobots'  '--cache-file=/dev/null' '--srcdir=.' 'PKG_CONFIG_PATH=/home/lichenjiang/src/bayes_opt-genom3/build/./pocolibs/client/c:/home/lichenjiang/src/bayes_opt-genom3/build/./pocolibs/server:/home/lichenjiang/src/bayes_opt-genom3/build:/home/lichenjiang/openrobots/share/pkgconfig:/home/lichenjiang/openrobots/lib/pkgconfig:/usr/share/pkgconfig:/usr/lib/pkgconfig:/home/lichenjiang/openrobots/lib/pkgconfig' for pocolibs/server
configure:16192: done configuring for pocolibs/server
configure:16151: configuring for pocolibs/client/c
configure:16155: running /home/lichenjiang/openrobots/bin/genom3  -C .. pocolibs/client/c -C ./pocolibs/client/c bayes_opt.gen
configure:16165: running autoreconf -vi for pocolibs/client/c
configure:16177: running /bin/bash configure '--disable-option-checking' '--prefix=/home/lichenjiang/openrobots'  '--cache-file=/dev/null' '--srcdir=.' 'PKG_CONFIG_PATH=/home/lichenjiang/src/bayes_opt-genom3/build/./pocolibs/client/c:/home/lichenjiang/src/bayes_opt-genom3/build/./pocolibs/server:/home/lichenjiang/src/bayes_opt-genom3/build:/home/lichenjiang/openrobots/share/pkgconfig:/home/lichenjiang/openrobots/lib/pkgconfig:/usr/share/pkgconfig:/usr/lib/pkgconfig:/home/lichenjiang/openrobots/lib/pkgconfig' for pocolibs/client/c
configure:16192: done configuring for pocolibs/client/c

## ---------------- ##
## Cache variables. ##
## ---------------- ##

ac_cv_build=x86_64-pc-linux-gnu
ac_cv_c_compiler_gnu=yes
ac_cv_env_CC_set=
ac_cv_env_CC_value=
ac_cv_env_CFLAGS_set=
ac_cv_env_CFLAGS_value=
ac_cv_env_CPPFLAGS_set=
ac_cv_env_CPPFLAGS_value=
ac_cv_env_LDFLAGS_set=
ac_cv_env_LDFLAGS_value=
ac_cv_env_LIBS_set=
ac_cv_env_LIBS_value=
ac_cv_env_LT_SYS_LIBRARY_PATH_set=
ac_cv_env_LT_SYS_LIBRARY_PATH_value=
ac_cv_env_PKG_CONFIG_LIBDIR_set=
ac_cv_env_PKG_CONFIG_LIBDIR_value=
ac_cv_env_PKG_CONFIG_PATH_set=set
ac_cv_env_PKG_CONFIG_PATH_value=/home/lichenjiang/openrobots/share/pkgconfig:/home/lichenjiang/openrobots/lib/pkgconfig:/usr/share/pkgconfig:/usr/lib/pkgconfig:/home/lichenjiang/openrobots/lib/pkgconfig
ac_cv_env_PKG_CONFIG_set=
ac_cv_env_PKG_CONFIG_value=
ac_cv_env_build_alias_set=
ac_cv_env_build_alias_value=
ac_cv_env_host_alias_set=
ac_cv_env_host_alias_value=
ac_cv_env_requires_CFLAGS_set=
ac_cv_env_requires_CFLAGS_value=
ac_cv_env_requires_LIBS_set=
ac_cv_env_requires_LIBS_value=
ac_cv_env_target_alias_set=
ac_cv_env_target_alias_value=
ac_cv_header_dlfcn_h=yes
ac_cv_header_inttypes_h=yes
ac_cv_header_stdint_h=yes
ac_cv_header_stdio_h=yes
ac_cv_header_stdlib_h=yes
ac_cv_header_string_h=yes
ac_cv_header_strings_h=yes
ac_cv_header_sys_stat_h=yes
ac_cv_header_sys_types_h=yes
ac_cv_header_unistd_h=yes
ac_cv_host=x86_64-pc-linux-gnu
ac_cv_objext=o
ac_cv_path_EGREP='/usr/bin/grep -E'
ac_cv_path_FGREP='/usr/bin/grep -F'
ac_cv_path_GENOM3=/home/lichenjiang/openrobots/bin/genom3
ac_cv_path_GREP=/usr/bin/grep
ac_cv_path_MAKE=/usr/bin/make
ac_cv_path_SED=/usr/bin/sed
ac_cv_path_ac_pt_PKG_CONFIG=/usr/bin/pkg-config
ac_cv_path_ag_autoreconf=/usr/bin/autoreconf
ac_cv_path_install='/usr/bin/install -c'
ac_cv_path_lt_DD=/usr/bin/dd
ac_cv_path_mkdir=/usr/bin/mkdir
ac_cv_prog_AWK=mawk
ac_cv_prog_ac_ct_AR=ar
ac_cv_prog_ac_ct_CC=gcc
ac_cv_prog_ac_ct_MANIFEST_TOOL=mt
ac_cv_prog_ac_ct_OBJDUMP=objdump
ac_cv_prog_ac_ct_RANLIB=ranlib
ac_cv_prog_ac_ct_STRIP=strip
ac_cv_prog_cc_c11=
ac_cv_prog_cc_g=yes
ac_cv_prog_cc_stdc=
ac_cv_prog_make_make_set=yes
am_cv_CC_dependencies_compiler_type=gcc3
am_cv_make_support_nested_variables=yes
am_cv_prog_cc_c_o=yes
lt_cv_ar_at_file=@
lt_cv_archive_cmds_need_lc=no
lt_cv_deplibs_check_method=pass_all
lt_cv_file_magic_cmd='$MAGIC_CMD'
lt_cv_file_magic_test_file=
lt_cv_ld_reload_flag=-r
lt_cv_nm_interface='BSD nm'
lt_cv_objdir=.libs
lt_cv_path_LD=/usr/bin/ld
lt_cv_path_NM='/usr/bin/nm -B'
lt_cv_path_mainfest_tool=no
lt_cv_prog_compiler_c_o=yes
lt_cv_prog_compiler_pic='-fPIC -DPIC'
lt_cv_prog_compiler_pic_works=yes
lt_cv_prog_compiler_rtti_exceptions=no
lt_cv_prog_compiler_static_works=yes
lt_cv_prog_gnu_ld=yes
lt_cv_sharedlib_from_linklib_cmd='printf %s\n'
lt_cv_shlibpath_overrides_runpath=yes
lt_cv_sys_global_symbol_pipe='sed -n -e '\''s/^.*[	 ]\([ABCDGIRSTW][ABCDGIRSTW]*\)[	 ][	 ]*\([_A-Za-z][_A-Za-z0-9]*\)$/\1 \2 \2/p'\'' | sed '\''/ __gnu_lto/d'\'''
lt_cv_sys_global_symbol_to_c_name_address='sed -n -e '\''s/^: \(.*\) .*$/  {"\1", (void *) 0},/p'\'' -e '\''s/^[ABCDGIRSTW][ABCDGIRSTW]* .* \(.*\)$/  {"\1", (void *) \&\1},/p'\'''
lt_cv_sys_global_symbol_to_c_name_address_lib_prefix='sed -n -e '\''s/^: \(.*\) .*$/  {"\1", (void *) 0},/p'\'' -e '\''s/^[ABCDGIRSTW][ABCDGIRSTW]* .* \(lib.*\)$/  {"\1", (void *) \&\1},/p'\'' -e '\''s/^[ABCDGIRSTW][ABCDGIRSTW]* .* \(.*\)$/  {"lib\1", (void *) \&\1},/p'\'''
lt_cv_sys_global_symbol_to_cdecl='sed -n -e '\''s/^T .* \(.*\)$/extern int \1();/p'\'' -e '\''s/^[ABCDGIRSTW][ABCDGIRSTW]* .* \(.*\)$/extern char \1;/p'\'''
lt_cv_sys_global_symbol_to_import=
lt_cv_sys_max_cmd_len=1572864
lt_cv_to_host_file_cmd=func_convert_file_noop
lt_cv_to_tool_file_cmd=func_convert_file_noop
lt_cv_truncate_bin='/usr/bin/dd bs=4096 count=1'
pkg_cv_requires_CFLAGS='-I/home/lichenjiang/openrobots/share/idl/openrobots2-idl -I/home/lichenjiang/openrobots/include'
pkg_cv_requires_LIBS=

## ----------------- ##
## Output variables. ##
## ----------------- ##

ACLOCAL='${SHELL} '\''/home/lichenjiang/src/bayes_opt-genom3/autoconf/missing'\'' aclocal-1.16'
AG_TEMPLATES_SUBDIRS='./pocolibs/server ./pocolibs/client/c'
AMDEPBACKSLASH='\'
AMDEP_FALSE='#'
AMDEP_TRUE=''
AMTAR='$${TAR-tar}'
AM_BACKSLASH='\'
AM_DEFAULT_V='$(AM_DEFAULT_VERBOSITY)'
AM_DEFAULT_VERBOSITY='1'
AM_V='$(V)'
AR='ar'
ASCIIDOCTOR='${SHELL} '\''/home/lichenjiang/src/bayes_opt-genom3/autoconf/missing'\'' asciidoctor'
AUTOCONF='${SHELL} '\''/home/lichenjiang/src/bayes_opt-genom3/autoconf/missing'\'' autoconf'
AUTOHEADER='${SHELL} '\''/home/lichenjiang/src/bayes_opt-genom3/autoconf/missing'\'' autoheader'
AUTOMAKE='${SHELL} '\''/home/lichenjiang/src/bayes_opt-genom3/autoconf/missing'\'' automake-1.16'
AWK='mawk'
CC='gcc'
CCDEPMODE='depmode=gcc3'
CFLAGS='-g -O2'
CPPFLAGS=''
CSCOPE='cscope'
CTAGS='ctags'
CYGPATH_W='echo'
DEFS='-DHAVE_CONFIG_H'
DEPDIR='.deps'
DLLTOOL='false'
DSYMUTIL=''
DUMPBIN=''
ECHO_C=''
ECHO_N='-n'
ECHO_T=''
EGREP='/usr/bin/grep -E'
ETAGS='etags'
EXEEXT=''
FGREP='/usr/bin/grep -F'
GENOM3='/home/lichenjiang/openrobots/bin/genom3'
GREP='/usr/bin/grep'
INSTALL_DATA='${INSTALL} -m 644'
INSTALL_PROGRAM='${INSTALL}'
INSTALL_SCRIPT='${INSTALL}'
INSTALL_STRIP_PROGRAM='$(install_sh) -c -s'
LD='/usr/bin/ld -m elf_x86_64'
LDFLAGS=''
LIBOBJS=''
LIBS=''
LIBTOOL='$(SHELL) $(top_builddir)/libtool'
LIPO=''
LN_S='ln -s'
LTLIBOBJS=''
LT_SYS_LIBRARY_PATH=''
MAKE='/usr/bin/make'
MAKEINFO='${SHELL} '\''/home/lichenjiang/src/bayes_opt-genom3/autoconf/missing'\'' makeinfo'
MANIFEST_TOOL=':'
MKDIR_P='/usr/bin/mkdir -p'
NM='/usr/bin/nm -B'
NMEDIT=''
OBJDUMP='objdump'
OBJEXT='o'
OTOOL64=''
OTOOL=''
PACKAGE='bayes_opt-genom3'
PACKAGE_BUGREPORT=''
PACKAGE_NAME='bayes_opt-genom3'
PACKAGE_STRING='bayes_opt-genom3 0.8'
PACKAGE_TARNAME='bayes_opt-genom3'
PACKAGE_URL=''
PACKAGE_VERSION='0.8'
PATH_SEPARATOR=':'
PKG_CONFIG='/usr/bin/pkg-config'
PKG_CONFIG_LIBDIR=''
PKG_CONFIG_PATH='/home/lichenjiang/openrobots/share/pkgconfig:/home/lichenjiang/openrobots/lib/pkgconfig:/usr/share/pkgconfig:/usr/lib/pkgconfig:/home/lichenjiang/openrobots/lib/pkgconfig'
RANLIB='ranlib'
SED='/usr/bin/sed'
SET_MAKE=''
SHELL='/bin/bash'
STRIP='strip'
VERSION='0.8'
ac_ct_AR='ar'
ac_ct_CC='gcc'
ac_ct_DUMPBIN=''
ag_autoreconf='/usr/bin/autoreconf'
am__EXEEXT_FALSE=''
am__EXEEXT_TRUE='#'
am__fastdepCC_FALSE='#'
am__fastdepCC_TRUE=''
am__include='include'
am__isrc=' -I$(srcdir)'
am__leading_dot='.'
am__nodep='_no'
am__quote=''
am__tar='$${TAR-tar} chof - "$$tardir"'
am__untar='$${TAR-tar} xf -'
bindir='${exec_prefix}/bin'
build='x86_64-pc-linux-gnu'
build_alias=''
build_cpu='x86_64'
build_os='linux-gnu'
build_vendor='pc'
codels_requires_CFLAGS=''
codels_requires_LIBS=''
codels_requires_SPEC=''
datadir='${datarootdir}'
datarootdir='${prefix}/share'
docdir='${datarootdir}/doc/${PACKAGE_TARNAME}'
dvidir='${docdir}'
exec_prefix='${prefix}'
host='x86_64-pc-linux-gnu'
host_alias=''
host_cpu='x86_64'
host_os='linux-gnu'
host_vendor='pc'
htmldir='${docdir}'
includedir='${prefix}/include'
infodir='${datarootdir}/info'
install_sh='${SHELL} /home/lichenjiang/src/bayes_opt-genom3/autoconf/install-sh'
libdir='${exec_prefix}/lib'
libexecdir='${exec_prefix}/libexec'
localedir='${datarootdir}/locale'
localstatedir='${prefix}/var'
mandir='${datarootdir}/man'
mkdir_p='$(MKDIR_P)'
oldincludedir='/usr/include'
pdfdir='${docdir}'
prefix='/home/lichenjiang/openrobots'
program_transform_name='s,x,x,'
psdir='${docdir}'
requires_CFLAGS='-I/home/lichenjiang/openrobots/share/idl/openrobots2-idl -I/home/lichenjiang/openrobots/include'
requires_LIBS=''
requires_SPEC='openrobots2-idl >= 2.0, genom3 >= 2.99.26'
runstatedir='${localstatedir}/run'
sbindir='${exec_prefix}/sbin'
sharedstatedir='${prefix}/com'
sysconfdir='${prefix}/etc'
target_alias=''

## ----------- ##
## confdefs.h. ##
## ----------- ##

/* confdefs.h */
#define PACKAGE_NAME "bayes_opt-genom3"
#define PACKAGE_TARNAME "bayes_opt-genom3"
#define PACKAGE_VERSION "0.8"
#define PACKAGE_STRING "bayes_opt-genom3 0.8"
#define PACKAGE_BUGREPORT ""
#define PACKAGE_URL ""
#define HAVE_STDIO_H 1
#define HAVE_STDLIB_H 1
#define HAVE_STRING_H 1
#define HAVE_INTTYPES_H 1
#define HAVE_STDINT_H 1
#define HAVE_STRINGS_H 1
#define HAVE_SYS_STAT_H 1
#define HAVE_SYS_TYPES_H 1
#define HAVE_UNISTD_H 1
#define STDC_HEADERS 1
#define HAVE_DLFCN_H 1
#define LT_OBJDIR ".libs/"

configure: exit 0
